NOTE: PROCEDURE PRINTTO used (Total process time):
      real time           0.00 seconds
      cpu time            0.00 seconds
      

1 
Traverser: Traverser invoked.  MPCONNECT command is sas. 
Traverser: Beginning flow traversal 
*------------------------------------------------------------* 
* 
* HPTree : Beginning Update 
* datetime : 22DEC2019:03:37:27 
* 
*------------------------------------------------------------* 
85338      data _null_;
85339      nobs=0;
85340      dsid = open('EMWS1.HPTree_ImportSet(where=(DATASET ne ""))');
85341      if dsid then do;
85342      nobs = attrn(dsid, 'NLOBSF');
85343      dsid = close(dsid);
85344      end;
85345      call symput('_NOBS', put(nobs, BEST12.));
85346      run;

NOTE: DATA statement used (Total process time):
      real time           0.01 seconds
      cpu time            0.01 seconds
      

85562      %let emexceptionString =;
85563      %let EMEXCEPTIONSTRING=;
85564      *------------------------------------------------------------*;
85565      * UPDATE: HPTree;
85566      *------------------------------------------------------------*;
85567      %let EM_ACTION = UPDATE;
85568      %let syscc = 0;
85569      
85570      %macro main;
85571      
85572         %if %upcase("&EM_ACTION") = "CREATE" %then %do;
85573             filename temp catalog 'sashelp.hpdm.hpdmtree_create.source';
85574             %include temp;
85575             filename temp;
85576             %hpdm_Tree_create;
85577         %end;
85578         %else
85579         %if %upcase("&EM_ACTION") = "TRAIN" %then %do;
85580             filename temp catalog 'sashelp.hpdm.hpdmtree_train.source';
85581             %include temp;
85582             filename temp;
85583             %hpdm_Tree_train;
85584         %end;
85585         %else
85586         %if %upcase("&EM_ACTION") = "REPORT" %then %do;
85587             filename temp catalog 'sashelp.hpdm.hpdmtree_report.source';
85588             %include temp;
85589             filename temp;
85590             %hpdm_Tree_report;
85591         %end;
85592         %else
85593         %if %upcase("&EM_ACTION") = "SCORE" %then %do;
85594             filename temp catalog 'sashelp.hpdm.hpdmtree_score.source';
85595             %include temp;
85596             filename temp;
85597             %hpdm_Tree_Score;
85598         %end;
85599         %else
85600      
85601      %mend main;
85602      
85603      %main;
85604      *------------------------------------------------------------*;
85605      * End UPDATE: HPTree;
85606      *------------------------------------------------------------*;

85607      %em_delMacro;

85609      %let _HPDMGRIDHOST=;
85610      %let _HPDMGRIDINSTALLLOC=;
85611      %let _HPDMGRIDDATASERVER=;
85612      %hpdm_gridSetOPtions;

NOTE: DATA statement used (Total process time):
      real time           0.00 seconds
      cpu time            0.00 seconds
      


*------------------------------------------------------------* 
* 
* HPTree : End Update 
* datetime : 22DEC2019:03:37:27 
* 
*------------------------------------------------------------* 
Traverser: Run Completed 
85613      proc printto;
85614      run;

