*------------------------------------------------------------*
* Report Log
Date:                November 17, 2019
Time:                14:35:48
*------------------------------------------------------------*
16282  %let EMEXCEPTIONSTRING=;
16283  *------------------------------------------------------------*;
16284  * REPORT: GrfExpl;
16285  *------------------------------------------------------------*;
16286  %let EM_ACTION = REPORT;
16287  %let syscc = 0;
16288  %macro main;
16289     filename temp catalog 'sashelp.emexpl.graphexplore_macros.source';
16290     %include temp;
16291     filename temp;
16292  
16293     %SetProperties;
16294  
16295     %if %upcase(&EM_ACTION) = CREATE %then %do;
16296  
16297         filename temp catalog 'sashelp.emexpl.graphexplore_create.source';
16298         %include temp;
16299         filename temp;
16300         %create;
16301     %end;
16302     %else
16303     %if %upcase(&EM_ACTION) = TRAIN %then %do;
16304  
16305         filename temp catalog 'sashelp.emexpl.graphexplore_train.source';
16306         %include temp;
16307         filename temp;
16308         %train;
16309  
16310     %end;
16311     %else
16312     %if %upcase(&EM_ACTION) = REPORT %then %do;
16313  
16314         filename temp catalog 'sashelp.emexpl.graphexplore_report.source';
16315         %include temp;
16316         filename temp;
16317  
16318         %report;
16319     %end;
16320  
16321  %mend main;
16322  
16323  %main;
NOTE: %INCLUDE (level 1) file TEMP is file SASHELP.EMEXPL.GRAPHEXPLORE_MACROS.SOURCE.
16324 +%macro SetProperties;
16325 +   %em_checkmacro(name=EM_PROPERTY_INTERVALBYTARGET,      global=Y, value=Y);
16326 +   %em_checkmacro(name=EM_PROPERTY_CLASSBYTARGET,         global=Y, value=Y);
16327 +   %em_checkmacro(name=EM_PROPERTY_DATASOURCE,            global=Y, value=SAMPLE);
16328 +   %em_checkmacro(name=EM_PROPERTY_EMSAMPLEMETHOD,        global=Y, value=FIRSTN);
16329 +   %em_checkmacro(name=EM_PROPERTY_EMSAMPLESIZE,          global=Y, value=DEFAULT);
16330 +   %em_checkmacro(name=EM_PROPERTY_EMRANDOMSEED,          global=Y, value=12345);
16331 +
16332 +%mend SetProperties;
NOTE: %INCLUDE (level 1) ending.
NOTE: Fileref TEMP has been deassigned.
NOTE: %INCLUDE (level 1) file TEMP is file SASHELP.EMEXPL.GRAPHEXPLORE_REPORT.SOURCE.
16333 +%macro report;
16334 +
16335 +   %let sourceKey = em_import_data;
16336 +    %if "&sourceKey" eq "" %then
16337 +        %let sourceKey = em_import_transaction;
16338 +    %if "&sourceKey" eq "" %then
16339 +        %let sourceKey = em_import_document;
16340 +    %if "&sourceKey" eq "" %then
16341 +        %let sourceKey = em_import_validate;
16342 +    %if "&sourceKey" eq "" %then
16343 +        %let sourceKey = em_import_test;
16344 +    %if "&sourceKey" eq "" %then
16345 +        %let sourceKey = em_import_score;
16346 +
16347 +   %if "&EM_PROPERTY_DATASOURCE" = "SAMPLE" %then
16348 +      %let sourceKey =SAMPLE_DATA;
16349 +
16350 +    %em_report(Key=&sourceKey, viewType=DATA, Block=Data, Description=Sample, Autodisplay=Y, localize=Y );
16351 +
16352 +   %if &EM_NUM_TARGET %then %do;
16353 +       %if &EM_NUM_INTERVAL_TARGET %then %do;
16354 +           %do i=1 %to &EM_NUM_INTERVAL_TARGET;
16355 +               %let targetName = %scan(%EM_INTERVAL_TARGET, &i);
16356 +               %if "&EM_PROPERTY_TARGET" = "Y" %then %do;
16357 +                   %em_report(Key=&sourceKey, viewType=HISTOGRAM, X=&targetName, freq=%EM_FREQ, block=Target, AutoDisplay=Y, Description=&targetName);
16358 +               %end;
16359 +
16360 +               %if "&EM_PROPERTY_GROUPBYTARGET" = "Y" and &EM_NUM_SEGMENT %then %do;
16361 +                   %do j=1 %to &EM_NUM_SEGMENT;
16362 +                       %let groupName = %scan(%em_segment, &j);
16363 +                       %em_report(Key=&sourceKey, viewType=BASEBOX, Y=&targetName, X=&groupname, freq=%EM_FREQ, Block=GroupPlots, Description=%nrbquote(&targetName x &groupName));
16364 +                   %end;
16365 +               %end;
16366 +           %end;
16367 +       %end;
16368 +
16369 +       %let numClassTarget = %eval(&EM_NUM_BINARY_TARGET + &EM_NUM_NOMINAL_TARGET + &EM_NUM_ORDINAL_TARGET );
16370 +       %if &numClassTarget %then %do;
16371 +           %do i=1 %to &numClassTarget;
16372 +               %let targetName = %scan(%EM_BINARY_TARGET %EM_NOMINAL_TARGET %EM_ORDINAL_TARGET, &i);
16373 +               %if "&EM_PROPERTY_TARGET" = "Y" %then %do;
16374 +                   %em_report(Key=&sourceKey, viewType=BAR, X=&targetName, freq=%EM_FREQ, block=Target, AutoDisplay=Y, Description=&targetName);
16375 +               %end;
16376 +
16377 +               %if "&EM_PROPERTY_GROUPBYTARGET" = "Y" and &EM_NUM_SEGMENT %then %do;
16378 +                   %do j=1 %to &EM_NUM_SEGMENT;
16379 +                       %let groupName = %scan(%em_segment, &j);
16380 +                       %em_report(Key=&sourceKey, viewType=BAR, X=&groupName, group=&targetname, freq=%EM_FREQ, Block=GroupPlots, Description=%nrbquote(&targetName x &groupName));
16381 +                   %end;
16382 +               %end;
16383 +
16384 +           %end;
16385 +       %end;
16386 +
16387 +   %end;
16388 +
16389 +%mend report;
NOTE: %INCLUDE (level 1) ending.
NOTE: Fileref TEMP has been deassigned.

NOTE: The data set WORK.EM_USER_REPORT has 132 observations and 4 variables.
NOTE: DATA statement used (Total process time):
      real time           0.04 seconds
      cpu time            0.03 seconds
      


NOTE: There were 132 observations read from the data set WORK.EM_USER_REPORT.
NOTE: The data set WORK.EM_USER_REPORT has 264 observations and 4 variables.
NOTE: DATA statement used (Total process time):
      real time           0.03 seconds
      cpu time            0.03 seconds
      

16390  *------------------------------------------------------------*;
16391  * End REPORT: GrfExpl;
16392  *------------------------------------------------------------*;
16393  

16394  /* Reset EM Options */
16395  options formchar="|----|+|---+=|-/\<>*";
16396  options nocenter ls=256 ps=10000;
16397  goptions reset=all device=GIF NODISPLAY;

16398  proc sort data=WORK.EM_USER_REPORT;
16399  by ID VIEW;
16400  run;

NOTE: There were 264 observations read from the data set WORK.EM_USER_REPORT.
NOTE: The data set WORK.EM_USER_REPORT has 264 observations and 4 variables.
NOTE: PROCEDURE SORT used (Total process time):
      real time           0.01 seconds
      cpu time            0.01 seconds
      

