*------------------------------------------------------------*
* Score Log
Date:                November 17, 2019
Time:                14:35:47
*------------------------------------------------------------*
15843  %let EMEXCEPTIONSTRING=;
15844  *------------------------------------------------------------*;
15845  * SCORE: GrfExpl;
15846  *------------------------------------------------------------*;
15847  %let EM_ACTION = SCORE;
15848  %let syscc = 0;
15849  %macro main;
15850     filename temp catalog 'sashelp.emexpl.graphexplore_macros.source';
15851     %include temp;
15852     filename temp;
15853  
15854     %SetProperties;
15855  
15856     %if %upcase(&EM_ACTION) = CREATE %then %do;
15857  
15858         filename temp catalog 'sashelp.emexpl.graphexplore_create.source';
15859         %include temp;
15860         filename temp;
15861         %create;
15862     %end;
15863     %else
15864     %if %upcase(&EM_ACTION) = TRAIN %then %do;
15865  
15866         filename temp catalog 'sashelp.emexpl.graphexplore_train.source';
15867         %include temp;
15868         filename temp;
15869         %train;
15870  
15871     %end;
15872     %else
15873     %if %upcase(&EM_ACTION) = REPORT %then %do;
15874  
15875         filename temp catalog 'sashelp.emexpl.graphexplore_report.source';
15876         %include temp;
15877         filename temp;
15878  
15879         %report;
15880     %end;
15881  
15882  %mend main;
15883  
15884  %main;
NOTE: %INCLUDE (level 1) file TEMP is file SASHELP.EMEXPL.GRAPHEXPLORE_MACROS.SOURCE.
15885 +%macro SetProperties;
15886 +   %em_checkmacro(name=EM_PROPERTY_INTERVALBYTARGET,      global=Y, value=Y);
15887 +   %em_checkmacro(name=EM_PROPERTY_CLASSBYTARGET,         global=Y, value=Y);
15888 +   %em_checkmacro(name=EM_PROPERTY_DATASOURCE,            global=Y, value=SAMPLE);
15889 +   %em_checkmacro(name=EM_PROPERTY_EMSAMPLEMETHOD,        global=Y, value=FIRSTN);
15890 +   %em_checkmacro(name=EM_PROPERTY_EMSAMPLESIZE,          global=Y, value=DEFAULT);
15891 +   %em_checkmacro(name=EM_PROPERTY_EMRANDOMSEED,          global=Y, value=12345);
15892 +
15893 +%mend SetProperties;
NOTE: %INCLUDE (level 1) ending.
NOTE: Fileref TEMP has been deassigned.
15894  *------------------------------------------------------------*;
15895  * End SCORE: GrfExpl;
15896  *------------------------------------------------------------*;
15897  

15898  *------------------------------------------------------------*;
15899  * GrfExpl: Scoring DATA data;
15900  *------------------------------------------------------------*;
15901  data EMWS1.GrfExpl_TRAIN
15902  / view=EMWS1.GrfExpl_TRAIN
15903  ;
15904  set EMWS1.Part_TRAIN
15905  ;
15906  run;

NOTE: DATA STEP view saved on file EMWS1.GRFEXPL_TRAIN.
NOTE: A stored DATA STEP view cannot run under a different operating system.
NOTE: DATA statement used (Total process time):
      real time           0.02 seconds
      cpu time            0.00 seconds
      

15907  quit;

15908  *------------------------------------------------------------*;
15909  * GrfExpl: Scoring VALIDATE data;
15910  *------------------------------------------------------------*;
15911  data EMWS1.GrfExpl_VALIDATE
15912  / view=EMWS1.GrfExpl_VALIDATE
15913  ;
15914  set EMWS1.Part_VALIDATE
15915  ;
15916  run;

NOTE: DATA STEP view saved on file EMWS1.GRFEXPL_VALIDATE.
NOTE: A stored DATA STEP view cannot run under a different operating system.
NOTE: DATA statement used (Total process time):
      real time           0.02 seconds
      cpu time            0.03 seconds
      

15917  quit;

15919  *------------------------------------------------------------*;
15920  * GrfExpl: Computing metadata for TRAIN data;
15921  *------------------------------------------------------------*;

NOTE: View EMWS1.GRFEXPL_TRAIN.VIEW used (Total process time):
      real time           0.04 seconds
      cpu time            0.03 seconds
      
NOTE: View EMWS1.GRFEXPL_TRAIN.VIEW used (Total process time):
      real time           0.02 seconds
      cpu time            0.03 seconds
      
NOTE: View EMWS1.GRFEXPL_VALIDATE.VIEW used (Total process time):
      real time           0.03 seconds
      cpu time            0.04 seconds
      
