 
                                                                                                                                                                                                                                                                
 
Variable Importance

                                                                                                                Ratio of
                                                      Number of                                               Validation
                                                      Splitting                            Validation        to Training
Variable Name            Label                          Rules           Importance         Importance         Importance

IMP_ss_p25               Imputed ss_p25                   1                 1.0000             1.0000             1.0000
genre_HistDocument                                        2                 0.4019             0.5357             1.3329
IMP_ss_std               Imputed ss_std                   2                 0.3838             0.3076             0.8015
IMP_runtime              Imputed runtime                  2                 0.3726             0.3173             0.8517
IMP_user_rating_count    Imputed user_rating_count        4                 0.3649             0.3554             0.9739
tomatometer_count                                         1                 0.3539             0.3745             1.0581
IMP_ss_count             Imputed ss_count                 2                 0.3136             0.1933             0.6164
IMP_ss_mean              Imputed ss_mean                  2                 0.2685             0.0968             0.3606
genre_DramaTele                                           1                 0.1698             0.0000             0.0000
 
                                                                                                                                                                                                                                                                
 
Tree Leaf Report

                                 Training
Node               Training       Percent
 Id     Depth    Observations      TRUE

 20       4           427          0.12  
 38       5           352          0.23  
 25       4           307          0.83  
  7       2           219          0.93  
 50       5           214          0.43  
 42       5           195          0.39  
 82       6           147          0.61  
 80       6           116          0.16  
  4       2           114          0.63  
 26       4            78          0.68  
 40       5            67          0.45  
 45       5            53          0.74  
 51       5            49          0.69  
 41       5            36          0.94  
 83       6            32          0.25  
 73       6            17          0.88  
 81       6             8          0.75  
 72       6             7          0.00  
 
                                                                                               
 
 
Fit Statistics

Target=audience_score_positive Target Label=' '

   Fit
Statistics    Statistics Label                Train    Validation

  _NOBS_      Sum of Frequencies            2438.00      2440.00 
  _MISC_      Misclassification Rate           0.24         0.26 
  _MAX_       Maximum Absolute Error           0.94         1.00 
  _SSE_       Sum of Squared Errors          810.19       916.90 
  _ASE_       Average Squared Error            0.17         0.19 
  _RASE_      Root Average Squared Error       0.41         0.43 
  _DIV_       Divisor for ASE               4876.00      4880.00 
  _DFT_       Total Degrees of Freedom      2438.00          .   
 
                                                                                               
 
 
Classification Table

Data Role=TRAIN Target Variable=audience_score_positive Target Label=' '

                       Target        Outcome     Frequency       Total
Target    Outcome    Percentage    Percentage      Count      Percentage

FALSE      FALSE       74.6809       82.3299        1053        43.1911 
TRUE       FALSE       25.3191       30.8024         357        14.6432 
FALSE      TRUE        21.9844       17.6701         226         9.2699 
TRUE       TRUE        78.0156       69.1976         802        32.8958 


Data Role=VALIDATE Target Variable=audience_score_positive Target Label=' '

                       Target        Outcome     Frequency       Total
Target    Outcome    Percentage    Percentage      Count      Percentage

FALSE      FALSE       73.7657       78.2643        1001        41.0246 
TRUE       FALSE       26.2343       30.6632         356        14.5902 
FALSE      TRUE        25.6694       21.7357         278        11.3934 
TRUE       TRUE        74.3306       69.3368         805        32.9918 
 
                                                                                               
 
 
Event Classification Table

Data Role=TRAIN Target=audience_score_positive Target Label=' '

  False       True        False       True
Negative    Negative    Positive    Positive

   357        1053         226         802  


Data Role=VALIDATE Target=audience_score_positive Target Label=' '

  False       True        False       True
Negative    Negative    Positive    Positive

   356        1001         278         805  
 
                                                                                               
 
 
Assessment Score Rankings

Data Role=TRAIN Target Variable=audience_score_positive Target Label=' '

                                                                                    Mean
                            Cumulative       %      Cumulative     Number of     Posterior
Depth     Gain      Lift       Lift      Response   % Response   Observations   Probability

   5    96.0719   1.96072     1.96072     93.2106     93.2106         122         0.93211  
  10    95.5287   1.94985     1.95529     92.6941     92.9523         122         0.92694  
  15    89.8841   1.78595     1.89884     84.9022     90.2690         122         0.84902  
  20    86.2653   1.75409     1.86265     83.3876     88.5486         122         0.83388  
  25    83.0852   1.70365     1.83085     80.9896     87.0368         122         0.80990  
  30    77.0816   1.47064     1.77082     69.9126     84.1828         122         0.69913  
  35    71.1766   1.35746     1.71177     64.5323     81.3756         122         0.64532  
  40    65.9905   1.29688     1.65991     61.6524     78.9102         122         0.61652  
  45    59.6435   1.08868     1.59644     51.7545     75.8929         122         0.51754  
  50    52.8711   0.91415     1.52871     43.4579     72.6733         121         0.43458  
  55    47.0807   0.89225     1.47081     42.4164     69.9206         122         0.42416  
  60    41.7422   0.83063     1.41742     39.4872     67.3828         122         0.39487  
  65    35.5389   0.61150     1.35539     29.0699     64.4338         122         0.29070  
  70    29.3114   0.48405     1.29311     23.0114     61.4733         122         0.23011  
  75    23.9147   0.48405     1.23915     23.0114     58.9078         122         0.23011  
  80    18.6839   0.40265     1.18684     19.1414     56.4211         122         0.19141  
  85    13.3535   0.28111     1.13354     13.3637     53.8871         122         0.13364  
  90     8.4223   0.24632     1.08422     11.7096     51.5428         122         0.11710  
  95     4.0104   0.24632     1.04010     11.7096     49.4454         122         0.11710  
 100     0.0000   0.23207     1.00000     11.0322     47.5390         121         0.11032  


Data Role=VALIDATE Target Variable=audience_score_positive Target Label=' '

                                                                                    Mean
                            Cumulative       %      Cumulative     Number of     Posterior
Depth     Gain      Lift       Lift      Response   % Response   Observations   Probability

   5    75.6297   1.75630     1.75630     83.5681     83.5681         122         0.93311  
  10    83.5232   1.91417     1.83523     91.0798     87.3239         122         0.92694  
  15    73.0840   1.52206     1.73084     72.4224     82.3568         122         0.85694  
  20    70.0423   1.60917     1.70042     76.5677     80.9095         122         0.83388  
  25    68.1258   1.60460     1.68126     76.3498     79.9976         122         0.82183  
  30    64.2934   1.45131     1.64293     69.0563     78.1740         122         0.71076  
  35    62.1052   1.48976     1.62105     70.8857     77.1328         122         0.65161  
  40    59.1734   1.38651     1.59173     65.9728     75.7378         122         0.62096  
  45    55.4276   1.25461     1.55428     59.6968     73.9555         122         0.59202  
  50    49.4306   0.95458     1.49431     45.4207     71.1020         122         0.43987  
  55    43.7310   0.86735     1.43731     41.2704     68.3900         122         0.42384  
  60    37.4822   0.68745     1.37482     32.7103     65.4167         122         0.39487  
  65    30.9370   0.52395     1.30937     24.9306     62.3024         122         0.31370  
  70    24.7084   0.43737     1.24708     20.8108     59.3387         122         0.23011  
  75    19.3103   0.43737     1.19310     20.8108     56.7702         122         0.23011  
  80    14.9397   0.49381     1.14940     23.4965     54.6906         122         0.20861  
  85    11.3336   0.53636     1.11334     25.5210     52.9747         122         0.14238  
  90     7.0553   0.34323     1.07055     16.3317     50.9390         122         0.11710  
  95     3.2273   0.34323     1.03227     16.3317     49.1176         122         0.11710  
 100     0.0000   0.38682     1.00000     18.4056     47.5820         122         0.10846  
 
                                                                                               
 
 
Assessment Score Distribution

Data Role=TRAIN Target Variable=audience_score_positive Target Label=' '

 Posterior     Number                     Mean
Probability      of      Number of     Posterior
   Range       Events    Nonevents    Probability    Percentage

 0.90-0.95       237         18         0.92941        10.4594 
 0.85-0.90        15          2         0.88235         0.6973 
 0.80-0.85       256         51         0.83388        12.5923 
 0.70-0.75        45         16         0.73770         2.5021 
 0.65-0.70        87         40         0.68504         5.2092 
 0.60-0.65       162         99         0.62069        10.7055 
 0.40-0.45       123        158         0.43772        11.5258 
 0.35-0.40        77        118         0.39487         7.9984 
 0.20-0.25        89        295         0.23177        15.7506 
 0.15-0.20        18         98         0.15517         4.7580 
 0.10-0.15        50        377         0.11710        17.5144 
 0.00-0.05         0          7         0.00000         0.2871 


Data Role=VALIDATE Target Variable=audience_score_positive Target Label=' '

 Posterior     Number                     Mean
Probability      of      Number of     Posterior
   Range       Events    Nonevents    Probability    Percentage

 0.90-0.95       224         32         0.92988        10.4918 
 0.85-0.90        20         15         0.88235         1.4344 
 0.80-0.85       232         71         0.83388        12.4180 
 0.70-0.75        57         17         0.73719         3.0328 
 0.65-0.70        75         40         0.68424         4.7131 
 0.60-0.65       197        103         0.62037        12.2951 
 0.40-0.45       102        124         0.43831         9.2623 
 0.35-0.40        70        144         0.39487         8.7705 
 0.20-0.25        80        314         0.23132        16.1475 
 0.15-0.20        35         81         0.15517         4.7541 
 0.10-0.15        65        333         0.11710        16.3115 
 0.00-0.05         4          5         0.00000         0.3689 
