*------------------------------------------------------------*
* Score Log
Date:                November 17, 2019
Time:                18:41:00
*------------------------------------------------------------*
16679  %let EMEXCEPTIONSTRING=;
16680  *------------------------------------------------------------*;
16681  * SCORE: Tree;
16682  *------------------------------------------------------------*;
16683  %let EM_ACTION = SCORE;
16684  %let syscc = 0;
16685  %macro main;
16686  
16687    %if %upcase(&EM_ACTION) = CREATE %then %do;
16688      filename temp catalog 'sashelp.emmodl.tree_create.source';
16689      %include temp;
16690      filename temp;
16691  
16692      %em_tree_create;
16693    %end;
16694  
16695     %else
16696     %if %upcase(&EM_ACTION) = TRAIN %then %do;
16697  
16698         filename temp catalog 'sashelp.emmodl.tree_train.source';
16699         %include temp;
16700         filename temp;
16701         %em_tree_train;
16702     %end;
16703  
16704    %else
16705    %if %upcase(&EM_ACTION) = SCORE %then %do;
16706      filename temp catalog 'sashelp.emmodl.tree_score.source';
16707      %include temp;
16708      filename temp;
16709  
16710      %em_tree_score;
16711  
16712    %end;
16713  
16714    %else
16715    %if %upcase(&EM_ACTION) = REPORT %then %do;
16716  
16717         filename temp catalog 'sashelp.emmodl.tree_report.source';
16718         %include temp;
16719         filename temp;
16720  
16721         %em_tree_report;
16722     %end;
16723  
16724    %else
16725    %if %upcase(&EM_ACTION) = OPENINT %then %do;
16726  
16727         filename temp catalog 'sashelp.emmodl.tree_actions.source';
16728         %include temp;
16729         filename temp;
16730         %EM_TREE_OPENTREEVIEWER;
16731  
16732     %end;
16733  
16734    %else
16735    %if %upcase(&EM_ACTION) = CLOSEINT %then %do;
16736  
16737         filename temp catalog 'sashelp.emmodl.tree_actions.source';
16738         %include temp;
16739         filename temp;
16740         %EM_TREE_CLOSETREEVIEWER;
16741  
16742     %end;
16743  
16744  
16745     %doendm:
16746  %mend main;
16747  
16748  %main;
NOTE: %INCLUDE (level 1) file TEMP is file SASHELP.EMMODL.TREE_SCORE.SOURCE.
16750 +%macro em_tree_score;
16752 +   /* determine if multiple targets will be processed */
16753 +   %let em_tree_multipleTargets=N;
16754 +   %let em_tree_numTarget=1;
16755 +   %if "&EM_PROPERTY_USEMULTIPLETARGET" eq "Y" %then %do;
16756 +      /* determine if there are any ordinal target variables - if so, multiple targets are not supported */
16757 +      %if &EM_NUM_ORDINAL_TARGET gt 0 %then %do;
16758 +         %let em_tree_multipleTargets=N;
16759 +      %end;
16760 +      %else %do;
16761 +         /* create macro array of targets  */
16762 +         data _null_;
16763 +           set &EM_DATA_VARIABLESET(where=(ROLE='TARGET' AND LEVEL^='ORDINAL')) end=eof;
16764 +           call symput('em_tree_targetVars'!!strip(put(_N_, BEST.)), strip(Name));
16765 +           if eof then
16766 +             call symput('em_tree_numTarget', strip(put(_N_, BEST.)));
16767 +        run;
16769 +        %if &em_tree_numTarget gt 1 %then %do;
16770 +           %let em_tree_multipleTargets=Y;
16771 +        %end;
16772 +      %end;
16773 +   %end;
16775 +   /* build flow and publish scoring code */
16776 +   %EM_GETNAME(key=TREEFLOW, type=FILE, extension=sas);
16777 +   %EM_GETNAME(key=TREEPUBLISH, type=FILE, extension=sas);
16779 +   filename treeflow "&EM_USER_TREEFLOW";
16780 +   filename treepub "&EM_USER_TREEPUBLISH";
16782 +   filename flowref  "&EM_FILE_EMFLOWSCORECODE";
16783 +   filename pubref   "&EM_FILE_EMPUBLISHSCORECODE";
16785 +   %em_copyfile(infref=treeflow, outfref=flowref);
16786 +   %em_copyfile(infref=treepub, outfref=pubref);
16788 +   filename treeflow;
16789 +   filename treepub;
16791 +   /* if priors are used, add code to generate unadjusted residuals in export */
16792 +   %let useAdjPriors = N;
16793 +   data _null_;
16794 +     set &EM_DEC_DECMETA(where=(_TYPE_="DECPRIOR"));
16795 +     if USE="Y" then call symput('useAdjPriors', 'Y');
16796 +   run;
16797 +   %if (("&em_tree_multipleTargets" eq "N") AND ("&useAdjPriors" eq "Y")) %then %do;
16798 +      filename temp catalog 'sashelp.emutil.em_makeunadjustedresidualvars.source';
16799 +      %include temp;
16800 +      filename temp;
16802 +      %EM_GETNAME(key=adjResidualCode, type=FILE, extension=sas);
16803 +      filename adjref "&EM_USER_adjResidualCode";
16804 +      %makeUnadjustedResidualVars(target=%EM_TARGET, decmeta=&EM_DEC_DECMETA, fref=adjref);
16806 +      %em_copyfile(infref=adjref, outfref=flowref, append=Y);
16808 +      filename adjref;
16809 +   %end;
16811 +   /* LEAF */
16812 +   %if "&EM_PROPERTY_LEAFID" eq "Y" %then %do;
16813 +      data _null_;
16814 +        file flowref mod;
16815 +        put 'drop _LEAF_;';
16816 +      run;
16818 +      data _null_;
16819 +        file pubref mod;
16820 +        put 'drop _LEAF_;';
16821 +      run;
16823 +   %end;
16825 +   filename flowref;
16826 +   filename pubref;
16828 +   /* em_metachange code */
16829 +   %if "&EM_PROPERTY_LEAFID" eq "Y" %then %do;
16830 +     %EM_METACHANGE(name=_NODE_, role=&EM_PROPERTY_NODEROLE, LEVEL=NOMINAL);
16831 +   %end;
16833 +   /* variable selection based on importance stat    */
16834 +   %if "&EM_PROPERTY_VARSELECTION" eq "Y" %then %do;
16835 +     %EM_GETNAME(key=OUTIMPORT, type=DATA);
16836 +     %let dsid = %sysfunc(open(&EM_USER_OUTIMPORT(where=(IMPORTANCE<0.05))));
16837 +     %let varnum = %sysfunc(varnum(&dsid, NAME));
16838 +     %let obs = %sysfunc(fetch(&dsid));
16839 +     %do %while(&obs=0);
16840 +       %let temp = %nrbquote(%sysfunc(getvarc(&dsid, &varnum)));
16841 +       %let varname = %nrbquote(%sysfunc(tranwrd(&temp,  %str(%"),"")));
16842 +       %EM_METACHANGE(name=&varname, role=REJECTED);
16843 +       %let obs = %sysfunc(fetch(&dsid));
16844 +     %end;
16845 +     %if &dsid %then %let dsid=%sysfunc(close(&dsid));
16846 +   %end;
16848 +   /* set Q_ varaibles to role of ASSESS when in the presense of prior probabilities */
16849 +   %if %sysfunc(exist(&EM_DEC_DECMETA)) %then %do;
16850 +    %let tree_pred_vars = ;
16851 +    %let tree_pred_lvl =;
16852 +    %let numpred= 0;
16854 +    data _null_;
16855 +     set &EM_DEC_DECMETA(where=(_TYPE_="PREDICTED")) end=eof;
16856 +     call symput('tree_pred_vars'!!strip(put(_N_, BEST.)), strip(VARIABLE));
16857 +     call symput('tree_pred_lvl'!!strip(put(_N_, BEST.)), strip(LEVEL));
16858 +     if eof then
16859 +       call symput('numpred', strip(put(_N_, BEST.)));
16860 +    run;
16861 +   %end;
16863 +   %if &numpred ne 0 %then %do;
16864 +    %do i=1 %to &numpred;
16865 +      %let qpred = Q%substr(&&tree_pred_vars&i,2);
16866 +      %EM_METACHANGE(name=&qpred, role=ASSESS);
16867 +    %end;
16868 +   %end;
16870 +   /* determine if multiple targets will be processed */
16871 +   %let em_tree_multipleTargets=N;
16872 +   %let em_tree_numTarget=1;
16873 +   %if "&EM_PROPERTY_USEMULTIPLETARGET" eq "Y" %then %do;
16874 +      /* determine if there are any ordinal target variables - if so, multiple targets are not supported */
16875 +      %if &EM_NUM_ORDINAL_TARGET gt 0 %then %do;
16876 +         %let em_tree_multipleTargets=N;
16877 +      %end;
16878 +      %else %do;
16879 +        data _null_;
16880 +          set &EM_DATA_VARIABLESET(where=(ROLE='TARGET' AND LEVEL^='ORDINAL')) end=eof;
16881 +          if eof then
16882 +            call symput('em_tree_numTarget', strip(put(_N_, BEST.)));
16883 +        run;
16885 +        %if &em_tree_numTarget gt 1 %then %do;
16886 +           %let em_tree_multipleTargets=Y;
16887 +        %end;
16888 +     %end;
16889 +   %end;
16891 +   /* need to include this code to do the %em_report for OUTIMPORT here instead of in Report code so _loop data set is created when group processing */
16892 +   %if "&em_tree_multipleTargets" eq "N" %then %do;
16894 +      /* variable importance */
16895 +      %EM_GETNAME(key=OUTIMPORT, type=DATA);
16896 +      %if %sysfunc(exist(&EM_USER_OUTIMPORT)) eq 1 %then %do;
16898 +         %let validexist=0;
16899 +         %if (("&EM_IMPORT_VALIDATE" ne "") AND (%sysfunc(exist(&EM_IMPORT_VALIDATE)) or %sysfunc(exist(&EM_IMPORT_VALIDATE,VIEW)))) %then %do;
16900 +           %let validexist=1;
16901 +         %end;
16903 +         /* determine if vars exists - properties could indicate they are they but freeze=Y would mean the node wasn't retrained */
16904 +         /* and the columns may not be generated                                                                                 */
16905 +         %let em_tree_cvexists=;
16906 +         %let em_tree_surrexists=.;
16907 +         data _null_;
16908 +            set &EM_USER_OUTIMPORT (obs=2) end=eof;
16909 +            if eof then do ;
16910 +               call symput("em_tree_cvexists" , strip(put(cvimportance,best.))) ;
16911 +               call symput("em_tree_surrexists", strip(put(nsurrogates, best.)));
16912 +            end;
16913 +         run;
16915 +         data &EM_USER_OUTIMPORT;
16916 +            set &EM_USER_OUTIMPORT;
16918 +            /* format columns based on Precison value specified */
16919 +            format importance 15.&EM_PROPERTY_PRECISION
16920 +                 %if &validexist %then %do;
16921 +                   vimportance ratio 15.&EM_PROPERTY_PRECISION
16922 +                 %end;
16923 +                 %if "&EM_TREE_CVEXISTS" ne "." %then %do;
16924 +                   cvimportance vimportance ratio 15.&EM_PROPERTY_PRECISION
16925 +                 %end;
16926 +            ;
16927 +            label  NAME       = "%sysfunc(sasmsg(sashelp.dmine, meta_name_vlabel, noquote))"
16928 +                 LABEL        = "%sysfunc(sasmsg(sashelp.dmine, meta_label_vlabel, noquote))"
16929 +                 NRULES       = "%sysfunc(sasmsg(sashelp.dmine, rpt_nrules_vlabel, noquote))"
16930 +                 IMPORTANCE   = "%sysfunc(sasmsg(sashelp.dmine, rpt_importance_vlabel, noquote))"
16931 +                 %if "&em_tree_surrexists" ne "" %then %do;
16932 +                   NSURROGATES  = "%sysfunc(sasmsg(sashelp.dmine, rpt_nsurrogates_vlabel, noquote))"
16933 +                 %end;
16934 +                 %if &validexist %then %do;
16935 +                   VIMPORTANCE = "%sysfunc(sasmsg(sashelp.dmine, rpt_vimportance_vlabel, noquote))"
16936 +                   RATIO       = "%sysfunc(sasmsg(sashelp.dmine, rpt_ratio_vlabel, noquote))"
16937 +                 %end;
16938 +                 %if "&EM_TREE_CVEXISTS" ne "" %then %do;
16939 +                   VIMPORTANCE = "%sysfunc(sasmsg(sashelp.dmine, rpt_vimportance_vlabel, noquote))"
16940 +                   CVIMPORTANCE =  "%sysfunc(sasmsg(sashelp.dmine, rpt_cvimport_vlabel, noquote))"
16941 +                   CVRULES= "%sysfunc(sasmsg(sashelp.dmine, rpt_cvrules_vlabel, noquote))"
16942 +                   RATIO = "%sysfunc(sasmsg(sashelp.dmine, rpt_ratio_vlabel, noquote))"
16943 +                 %end;
16944 +            ;
16945 +         run;
16947 +         %EM_REPORT(key=OUTIMPORT, viewtype=DATA, block=MODEL, description=IMPORTANCE, autodisplay=N);
16948 +      %end;
16949 +   %end;
16951 +   %doendm:
16952 +%mend em_tree_score;
NOTE: %INCLUDE (level 1) ending.
NOTE: Fileref TEMP has been deassigned.

NOTE: The file FLOWREF is:
      Filename=D:\DataMiningProject\SASEM_Project\Workspaces\EMWS1\Tree\EMFLOWSCORE.sas,
      RECFM=V,LRECL=20000,File Size (bytes)=0,
      Last Modified=17Nov2019:18:40:59,
      Create Time=16Nov2019:00:25:13

NOTE: 337 records were written to the file FLOWREF.
      The minimum record length was 1.
      The maximum record length was 75.
NOTE: DATA statement used (Total process time):
      real time           0.06 seconds
      cpu time            0.01 seconds
      


NOTE: The file PUBREF is:
      Filename=D:\DataMiningProject\SASEM_Project\Workspaces\EMWS1\Tree\EMPUBLISHSCORE.sas,
      RECFM=V,LRECL=20000,File Size (bytes)=0,
      Last Modified=17Nov2019:18:40:59,
      Create Time=16Nov2019:00:25:13

NOTE: 311 records were written to the file PUBREF.
      The minimum record length was 1.
      The maximum record length was 67.
NOTE: DATA statement used (Total process time):
      real time           0.03 seconds
      cpu time            0.03 seconds
      

NOTE: Fileref TREEFLOW has been deassigned.
NOTE: Fileref TREEPUB has been deassigned.

NOTE: There were 1 observations read from the data set EMWS1.TREE_AUDIENCE_SCORE_P_DM.
      WHERE _TYPE_='DECPRIOR';
NOTE: DATA statement used (Total process time):
      real time           0.00 seconds
      cpu time            0.00 seconds
      


NOTE: The file FLOWREF is:
      Filename=D:\DataMiningProject\SASEM_Project\Workspaces\EMWS1\Tree\EMFLOWSCORE.sas,
      RECFM=V,LRECL=32767,File Size (bytes)=15834,
      Last Modified=17Nov2019:18:40:59,
      Create Time=16Nov2019:00:25:13

NOTE: 1 record was written to the file FLOWREF.
      The minimum record length was 12.
      The maximum record length was 12.
NOTE: DATA statement used (Total process time):
      real time           0.03 seconds
      cpu time            0.00 seconds
      


NOTE: The file PUBREF is:
      Filename=D:\DataMiningProject\SASEM_Project\Workspaces\EMWS1\Tree\EMPUBLISHSCORE.sas,
      RECFM=V,LRECL=32767,File Size (bytes)=14776,
      Last Modified=17Nov2019:18:40:59,
      Create Time=16Nov2019:00:25:13

NOTE: 1 record was written to the file PUBREF.
      The minimum record length was 12.
      The maximum record length was 12.
NOTE: DATA statement used (Total process time):
      real time           0.01 seconds
      cpu time            0.01 seconds
      

NOTE: Fileref FLOWREF has been deassigned.
NOTE: Fileref PUBREF has been deassigned.

NOTE: The data set WORK.EM_METACHANGE has 1 observations and 9 variables.
NOTE: DATA statement used (Total process time):
      real time           0.02 seconds
      cpu time            0.00 seconds
      


NOTE: There were 1 observations read from the data set WORK.EM_METACHANGE.
NOTE: The data set WORK.EM_METACHANGE has 2 observations and 9 variables.
NOTE: DATA statement used (Total process time):
      real time           0.04 seconds
      cpu time            0.01 seconds
      


NOTE: There were 2 observations read from the data set WORK.EM_METACHANGE.
NOTE: The data set WORK.EM_METACHANGE has 3 observations and 9 variables.
NOTE: DATA statement used (Total process time):
      real time           0.02 seconds
      cpu time            0.00 seconds
      


NOTE: There were 3 observations read from the data set WORK.EM_METACHANGE.
NOTE: The data set WORK.EM_METACHANGE has 4 observations and 9 variables.
NOTE: DATA statement used (Total process time):
      real time           0.02 seconds
      cpu time            0.00 seconds
      


NOTE: There were 4 observations read from the data set WORK.EM_METACHANGE.
NOTE: The data set WORK.EM_METACHANGE has 5 observations and 9 variables.
NOTE: DATA statement used (Total process time):
      real time           0.02 seconds
      cpu time            0.01 seconds
      


NOTE: There were 5 observations read from the data set WORK.EM_METACHANGE.
NOTE: The data set WORK.EM_METACHANGE has 6 observations and 9 variables.
NOTE: DATA statement used (Total process time):
      real time           0.02 seconds
      cpu time            0.03 seconds
      


NOTE: There were 6 observations read from the data set WORK.EM_METACHANGE.
NOTE: The data set WORK.EM_METACHANGE has 7 observations and 9 variables.
NOTE: DATA statement used (Total process time):
      real time           0.02 seconds
      cpu time            0.00 seconds
      


NOTE: There were 7 observations read from the data set WORK.EM_METACHANGE.
NOTE: The data set WORK.EM_METACHANGE has 8 observations and 9 variables.
NOTE: DATA statement used (Total process time):
      real time           0.02 seconds
      cpu time            0.01 seconds
      


NOTE: There were 8 observations read from the data set WORK.EM_METACHANGE.
NOTE: The data set WORK.EM_METACHANGE has 9 observations and 9 variables.
NOTE: DATA statement used (Total process time):
      real time           0.02 seconds
      cpu time            0.01 seconds
      


NOTE: There were 9 observations read from the data set WORK.EM_METACHANGE.
NOTE: The data set WORK.EM_METACHANGE has 10 observations and 9 variables.
NOTE: DATA statement used (Total process time):
      real time           0.02 seconds
      cpu time            0.00 seconds
      


NOTE: There were 10 observations read from the data set WORK.EM_METACHANGE.
NOTE: The data set WORK.EM_METACHANGE has 11 observations and 9 variables.
NOTE: DATA statement used (Total process time):
      real time           0.02 seconds
      cpu time            0.01 seconds
      


NOTE: There were 11 observations read from the data set WORK.EM_METACHANGE.
NOTE: The data set WORK.EM_METACHANGE has 12 observations and 9 variables.
NOTE: DATA statement used (Total process time):
      real time           0.02 seconds
      cpu time            0.01 seconds
      


NOTE: There were 12 observations read from the data set WORK.EM_METACHANGE.
NOTE: The data set WORK.EM_METACHANGE has 13 observations and 9 variables.
NOTE: DATA statement used (Total process time):
      real time           0.02 seconds
      cpu time            0.03 seconds
      


NOTE: There were 13 observations read from the data set WORK.EM_METACHANGE.
NOTE: The data set WORK.EM_METACHANGE has 14 observations and 9 variables.
NOTE: DATA statement used (Total process time):
      real time           0.02 seconds
      cpu time            0.00 seconds
      


NOTE: There were 14 observations read from the data set WORK.EM_METACHANGE.
NOTE: The data set WORK.EM_METACHANGE has 15 observations and 9 variables.
NOTE: DATA statement used (Total process time):
      real time           0.02 seconds
      cpu time            0.01 seconds
      


NOTE: There were 15 observations read from the data set WORK.EM_METACHANGE.
NOTE: The data set WORK.EM_METACHANGE has 16 observations and 9 variables.
NOTE: DATA statement used (Total process time):
      real time           0.02 seconds
      cpu time            0.03 seconds
      


NOTE: There were 16 observations read from the data set WORK.EM_METACHANGE.
NOTE: The data set WORK.EM_METACHANGE has 17 observations and 9 variables.
NOTE: DATA statement used (Total process time):
      real time           0.02 seconds
      cpu time            0.00 seconds
      


NOTE: There were 17 observations read from the data set WORK.EM_METACHANGE.
NOTE: The data set WORK.EM_METACHANGE has 18 observations and 9 variables.
NOTE: DATA statement used (Total process time):
      real time           0.02 seconds
      cpu time            0.01 seconds
      


NOTE: There were 18 observations read from the data set WORK.EM_METACHANGE.
NOTE: The data set WORK.EM_METACHANGE has 19 observations and 9 variables.
NOTE: DATA statement used (Total process time):
      real time           0.02 seconds
      cpu time            0.03 seconds
      


NOTE: There were 19 observations read from the data set WORK.EM_METACHANGE.
NOTE: The data set WORK.EM_METACHANGE has 20 observations and 9 variables.
NOTE: DATA statement used (Total process time):
      real time           0.02 seconds
      cpu time            0.00 seconds
      


NOTE: There were 20 observations read from the data set WORK.EM_METACHANGE.
NOTE: The data set WORK.EM_METACHANGE has 21 observations and 9 variables.
NOTE: DATA statement used (Total process time):
      real time           0.02 seconds
      cpu time            0.01 seconds
      


NOTE: There were 21 observations read from the data set WORK.EM_METACHANGE.
NOTE: The data set WORK.EM_METACHANGE has 22 observations and 9 variables.
NOTE: DATA statement used (Total process time):
      real time           0.02 seconds
      cpu time            0.01 seconds
      


NOTE: There were 22 observations read from the data set WORK.EM_METACHANGE.
NOTE: The data set WORK.EM_METACHANGE has 23 observations and 9 variables.
NOTE: DATA statement used (Total process time):
      real time           0.02 seconds
      cpu time            0.01 seconds
      


NOTE: There were 23 observations read from the data set WORK.EM_METACHANGE.
NOTE: The data set WORK.EM_METACHANGE has 24 observations and 9 variables.
NOTE: DATA statement used (Total process time):
      real time           0.02 seconds
      cpu time            0.00 seconds
      


NOTE: There were 24 observations read from the data set WORK.EM_METACHANGE.
NOTE: The data set WORK.EM_METACHANGE has 25 observations and 9 variables.
NOTE: DATA statement used (Total process time):
      real time           0.02 seconds
      cpu time            0.01 seconds
      


NOTE: There were 25 observations read from the data set WORK.EM_METACHANGE.
NOTE: The data set WORK.EM_METACHANGE has 26 observations and 9 variables.
NOTE: DATA statement used (Total process time):
      real time           0.02 seconds
      cpu time            0.01 seconds
      


NOTE: There were 26 observations read from the data set WORK.EM_METACHANGE.
NOTE: The data set WORK.EM_METACHANGE has 27 observations and 9 variables.
NOTE: DATA statement used (Total process time):
      real time           0.02 seconds
      cpu time            0.00 seconds
      


NOTE: There were 27 observations read from the data set WORK.EM_METACHANGE.
NOTE: The data set WORK.EM_METACHANGE has 28 observations and 9 variables.
NOTE: DATA statement used (Total process time):
      real time           0.02 seconds
      cpu time            0.00 seconds
      


NOTE: There were 28 observations read from the data set WORK.EM_METACHANGE.
NOTE: The data set WORK.EM_METACHANGE has 29 observations and 9 variables.
NOTE: DATA statement used (Total process time):
      real time           0.02 seconds
      cpu time            0.01 seconds
      


NOTE: There were 29 observations read from the data set WORK.EM_METACHANGE.
NOTE: The data set WORK.EM_METACHANGE has 30 observations and 9 variables.
NOTE: DATA statement used (Total process time):
      real time           0.02 seconds
      cpu time            0.03 seconds
      


NOTE: There were 2 observations read from the data set EMWS1.TREE_AUDIENCE_SCORE_P_DM.
      WHERE _TYPE_='PREDICTED';
NOTE: DATA statement used (Total process time):
      real time           0.00 seconds
      cpu time            0.00 seconds
      


NOTE: There were 30 observations read from the data set WORK.EM_METACHANGE.
NOTE: The data set WORK.EM_METACHANGE has 31 observations and 9 variables.
NOTE: DATA statement used (Total process time):
      real time           0.02 seconds
      cpu time            0.01 seconds
      


NOTE: There were 31 observations read from the data set WORK.EM_METACHANGE.
NOTE: The data set WORK.EM_METACHANGE has 32 observations and 9 variables.
NOTE: DATA statement used (Total process time):
      real time           0.02 seconds
      cpu time            0.01 seconds
      


NOTE: Variable cvimportance is uninitialized.
NOTE: Variable nsurrogates is uninitialized.
NOTE: There were 2 observations read from the data set EMWS1.TREE_OUTIMPORT.
NOTE: DATA statement used (Total process time):
      real time           0.00 seconds
      cpu time            0.00 seconds
      


NOTE: Variable NSURROGATES is uninitialized.
NOTE: Variable CVIMPORTANCE is uninitialized.
NOTE: Variable CVRULES is uninitialized.
NOTE: There were 38 observations read from the data set EMWS1.TREE_OUTIMPORT.
NOTE: The data set EMWS1.TREE_OUTIMPORT has 38 observations and 6 variables.
NOTE: DATA statement used (Total process time):
      real time           0.04 seconds
      cpu time            0.03 seconds
      


NOTE: The data set WORK.EM_USER_REPORT has 132 observations and 4 variables.
NOTE: DATA statement used (Total process time):
      real time           0.07 seconds
      cpu time            0.04 seconds
      

16953  
16954  *------------------------------------------------------------*;
16955  * End SCORE: Tree;
16956  *------------------------------------------------------------*;

16957  proc sort data=WORK.EM_METACHANGE;
16958  by key uname;
16959  run;

NOTE: There were 32 observations read from the data set WORK.EM_METACHANGE.
NOTE: The data set WORK.EM_METACHANGE has 32 observations and 9 variables.
NOTE: PROCEDURE SORT used (Total process time):
      real time           0.02 seconds
      cpu time            0.00 seconds
      

16960  filename x "D:\DataMiningProject\SASEM_Project\Workspaces\EMWS1\Tree\CDELTA_TRAIN.sas";
16961  data _null_;
16962  file x;
16963  put 'if upcase(NAME) = "G" then do;';
16964  put 'ROLE = "REJECTED";';
16965  put 'end;';
16966  put 'else ';
16967  put 'if upcase(NAME) = "GENRE_ACTION" then do;';
16968  put 'ROLE = "REJECTED";';
16969  put 'end;';
16970  put 'else ';
16971  put 'if upcase(NAME) = "GENRE_ADVENTURE" then do;';
16972  put 'ROLE = "REJECTED";';
16973  put 'end;';
16974  put 'else ';
16975  put 'if upcase(NAME) = "GENRE_ANIMATIONMANGA" then do;';
16976  put 'ROLE = "REJECTED";';
16977  put 'end;';
16978  put 'else ';
16979  put 'if upcase(NAME) = "GENRE_ARTHOUSEINTER" then do;';
16980  put 'ROLE = "REJECTED";';
16981  put 'end;';
16982  put 'else ';
16983  put 'if upcase(NAME) = "GENRE_CLASSICSCULT" then do;';
16984  put 'ROLE = "REJECTED";';
16985  put 'end;';
16986  put 'else ';
16987  put 'if upcase(NAME) = "GENRE_COMEDY" then do;';
16988  put 'ROLE = "REJECTED";';
16989  put 'end;';
16990  put 'else ';
16991  put 'if upcase(NAME) = "GENRE_FAMILYKIDS" then do;';
16992  put 'ROLE = "REJECTED";';
16993  put 'end;';
16994  put 'else ';
16995  put 'if upcase(NAME) = "GENRE_FANTASY" then do;';
16996  put 'ROLE = "REJECTED";';
16997  put 'end;';
16998  put 'else ';
16999  put 'if upcase(NAME) = "GENRE_FITNESSSPORTS" then do;';
17000  put 'ROLE = "REJECTED";';
17001  put 'end;';
17002  put 'else ';
17003  put 'if upcase(NAME) = "GENRE_HORROR" then do;';
17004  put 'ROLE = "REJECTED";';
17005  put 'end;';
17006  put 'else ';
17007  put 'if upcase(NAME) = "GENRE_MUSICALPERFARTS" then do;';
17008  put 'ROLE = "REJECTED";';
17009  put 'end;';
17010  put 'else ';
17011  put 'if upcase(NAME) = "GENRE_ROMANCE" then do;';
17012  put 'ROLE = "REJECTED";';
17013  put 'end;';
17014  put 'else ';
17015  put 'if upcase(NAME) = "GENRE_SCI_FI" then do;';
17016  put 'ROLE = "REJECTED";';
17017  put 'end;';
17018  put 'else ';
17019  put 'if upcase(NAME) = "GENRE_SPECIAL_INTEREST" then do;';
17020  put 'ROLE = "REJECTED";';
17021  put 'end;';
17022  put 'else ';
17023  put 'if upcase(NAME) = "GENRE_THRILLMYSSUSP" then do;';
17024  put 'ROLE = "REJECTED";';
17025  put 'end;';
17026  put 'else ';
17027  put 'if upcase(NAME) = "GENRE_WESTERN" then do;';
17028  put 'ROLE = "REJECTED";';
17029  put 'end;';
17030  put 'else ';
17031  put 'if upcase(NAME) = "IMP_DOMESTIC_GROSS" then do;';
17032  put 'ROLE = "REJECTED";';
17033  put 'end;';
17034  put 'else ';
17035  put 'if upcase(NAME) = "IMP_DOMESTIC_OPENING" then do;';
17036  put 'ROLE = "REJECTED";';
17037  put 'end;';
17038  put 'else ';
17039  put 'if upcase(NAME) = "IMP_FOREIGN_GROSS" then do;';
17040  put 'ROLE = "REJECTED";';
17041  put 'end;';
17042  put 'else ';
17043  put 'if upcase(NAME) = "IMP_MARKETS_MISSING" then do;';
17044  put 'ROLE = "REJECTED";';
17045  put 'end;';
17046  put 'else ';
17047  put 'if upcase(NAME) = "IMP_SS_MEDIAN" then do;';
17048  put 'ROLE = "REJECTED";';
17049  put 'end;';
17050  put 'else ';
17051  put 'if upcase(NAME) = "IMP_SS_P75" then do;';
17052  put 'ROLE = "REJECTED";';
17053  put 'end;';
17054  put 'else ';
17055  put 'if upcase(NAME) = "IMP_TOTAL_GROSS" then do;';
17056  put 'ROLE = "REJECTED";';
17057  put 'end;';
17058  put 'else ';
17059  put 'if upcase(NAME) = "NC17" then do;';
17060  put 'ROLE = "REJECTED";';
17061  put 'end;';
17062  put 'else ';
17063  put 'if upcase(NAME) = "NR" then do;';
17064  put 'ROLE = "REJECTED";';
17065  put 'end;';
17066  put 'else ';
17067  put 'if upcase(NAME) = "PG" then do;';
17068  put 'ROLE = "REJECTED";';
17069  put 'end;';
17070  put 'else ';
17071  put 'if upcase(NAME) = "PG_13" then do;';
17072  put 'ROLE = "REJECTED";';
17073  put 'end;';
17074  put 'else ';
17075  put 'if upcase(NAME) = "Q_AUDIENCE_SCORE_POSITIVEFALSE" then do;';
17076  put 'ROLE = "ASSESS";';
17077  put 'end;';
17078  put 'else ';
17079  put 'if upcase(NAME) = "Q_AUDIENCE_SCORE_POSITIVETRUE" then do;';
17080  put 'ROLE = "ASSESS";';
17081  put 'end;';
17082  put 'else ';
17083  put 'if upcase(NAME) = "R" then do;';
17084  put 'ROLE = "REJECTED";';
17085  put 'end;';
17086  put 'else ';
17087  put 'if upcase(NAME) = "_NODE_" then do;';
17088  put 'ROLE = "SEGMENT";';
17089  put 'LEVEL = "NOMINAL";';
17090  put 'end;';
17091  run;

NOTE: The file X is:
      Filename=D:\DataMiningProject\SASEM_Project\Workspaces\EMWS1\Tree\CDELTA_TRAIN.sas,
      RECFM=V,LRECL=32767,File Size (bytes)=0,
      Last Modified=17Nov2019:18:41:01,
      Create Time=16Nov2019:00:25:13

NOTE: 128 records were written to the file X.
      The minimum record length was 4.
      The maximum record length was 59.
NOTE: DATA statement used (Total process time):
      real time           0.02 seconds
      cpu time            0.01 seconds
      

17092  filename x;
NOTE: Fileref X has been deassigned.

17093  filename emflow "D:\DataMiningProject\SASEM_Project\Workspaces\EMWS1\Tree\EMFLOWSCORE.sas";
17094  *------------------------------------------------------------*;
17095  * Tree: Scoring DATA data;
17096  *------------------------------------------------------------*;
17097  data EMWS1.Tree_TRAIN
17098  / view=EMWS1.Tree_TRAIN
17099  ;
17100  set EMWS1.Impt_TRAIN
17101  ;
17102  %inc emflow;
NOTE: %INCLUDE (level 1) file EMFLOW is file D:\DataMiningProject\SASEM_Project\Workspaces\EMWS1\Tree\EMFLOWSCORE.sas.
17103 +****************************************************************;
17104 +******             DECISION TREE SCORING CODE             ******;
17105 +****************************************************************;
17106 +
17107 +******         LENGTHS OF NEW CHARACTER VARIABLES         ******;
17108 +LENGTH F_audience_score_positive  $    5;
17109 +LENGTH I_audience_score_positive  $    5;
17110 +LENGTH U_audience_score_positive  $    5;
17111 +LENGTH _WARN_  $    4;
17112 +
17113 +******              LABELS FOR NEW VARIABLES              ******;
17114 +label _NODE_ = 'Node' ;
17115 +label _LEAF_ = 'Leaf' ;
17116 +label P_audience_score_positiveTrue =
17117 +'Predicted: audience_score_positive=True' ;
17118 +label P_audience_score_positiveFalse =
17119 +'Predicted: audience_score_positive=False' ;
17120 +label Q_audience_score_positiveTrue =
17121 +'Unadjusted P: audience_score_positive=True' ;
17122 +label Q_audience_score_positiveFalse =
17123 +'Unadjusted P: audience_score_positive=False' ;
17124 +label V_audience_score_positiveTrue =
17125 +'Validated: audience_score_positive=True' ;
17126 +label V_audience_score_positiveFalse =
17127 +'Validated: audience_score_positive=False' ;
17128 +label R_audience_score_positiveTrue =
17129 +'Residual: audience_score_positive=True' ;
17130 +label R_audience_score_positiveFalse =
17131 +'Residual: audience_score_positive=False' ;
17132 +label F_audience_score_positive = 'From: audience_score_positive' ;
17133 +label I_audience_score_positive = 'Into: audience_score_positive' ;
17134 +label U_audience_score_positive =
17135 +'Unnormalized Into: audience_score_positive' ;
17136 +label _WARN_ = 'Warnings' ;
17137 +
17138 +
17139 +******      TEMPORARY VARIABLES FOR FORMATTED VALUES      ******;
17140 +LENGTH _ARBFMT_5 $      5; DROP _ARBFMT_5;
17141 +_ARBFMT_5 = ' '; /* Initialize to avoid warning. */
17142 +LENGTH _ARBFMT_12 $     12; DROP _ARBFMT_12;
17143 +_ARBFMT_12 = ' '; /* Initialize to avoid warning. */
17144 +
17145 +
17146 +_ARBFMT_5 = PUT( audience_score_positive , $5.);
17147 + %DMNORMCP( _ARBFMT_5, F_audience_score_positive );
17148 +
17149 +******             ASSIGN OBSERVATION TO NODE             ******;
17150 +IF  NOT MISSING(IMP_ss_p25 ) AND
17151 +                 0.875 <= IMP_ss_p25  THEN DO;
17152 +  IF  NOT MISSING(tomatometer_count ) AND
17153 +                   130.5 <= tomatometer_count  THEN DO;
17154 +    _NODE_  =                    7;
17155 +    _LEAF_  =                   18;
17156 +    P_audience_score_positiveTrue  =      0.9269406392694;
17157 +    P_audience_score_positiveFalse  =     0.07305936073059;
17158 +    Q_audience_score_positiveTrue  =      0.9269406392694;
17159 +    Q_audience_score_positiveFalse  =     0.07305936073059;
17160 +    V_audience_score_positiveTrue  =     0.91079812206572;
17161 +    V_audience_score_positiveFalse  =     0.08920187793427;
17162 +    I_audience_score_positive  = 'TRUE' ;
17163 +    U_audience_score_positive  = 'True' ;
17164 +    END;
17165 +  ELSE DO;
17166 +    IF  NOT MISSING(IMP_ss_std ) AND
17167 +          0.39564972747488 <= IMP_ss_std  THEN DO;
17168 +      _ARBFMT_12 = PUT( genre_HistDocument , BEST12.);
17169 +       %DMNORMIP( _ARBFMT_12);
17170 +      IF _ARBFMT_12 IN ('1' ) THEN DO;
17171 +        _NODE_  =                   26;
17172 +        _LEAF_  =                   15;
17173 +        P_audience_score_positiveTrue  =     0.67948717948717;
17174 +        P_audience_score_positiveFalse  =     0.32051282051282;
17175 +        Q_audience_score_positiveTrue  =     0.67948717948717;
17176 +        Q_audience_score_positiveFalse  =     0.32051282051282;
17177 +        V_audience_score_positiveTrue  =      0.7012987012987;
17178 +        V_audience_score_positiveFalse  =     0.29870129870129;
17179 +        I_audience_score_positive  = 'TRUE' ;
17180 +        U_audience_score_positive  = 'True' ;
17181 +        END;
17182 +      ELSE DO;
17183 +        IF  NOT MISSING(IMP_runtime ) AND
17184 +                         110.5 <= IMP_runtime  THEN DO;
17185 +          _NODE_  =                   51;
17186 +          _LEAF_  =                   17;
17187 +          P_audience_score_positiveTrue  =      0.6938775510204;
17188 +          P_audience_score_positiveFalse  =     0.30612244897959;
17189 +          Q_audience_score_positiveTrue  =      0.6938775510204;
17190 +          Q_audience_score_positiveFalse  =     0.30612244897959;
17191 +          V_audience_score_positiveTrue  =     0.55263157894736;
17192 +          V_audience_score_positiveFalse  =     0.44736842105263;
17193 +          I_audience_score_positive  = 'TRUE' ;
17194 +          U_audience_score_positive  = 'True' ;
17195 +          END;
17196 +        ELSE DO;
17197 +          _NODE_  =                   50;
17198 +          _LEAF_  =                   16;
17199 +          P_audience_score_positiveTrue  =     0.43457943925233;
17200 +          P_audience_score_positiveFalse  =     0.56542056074766;
17201 +          Q_audience_score_positiveTrue  =     0.43457943925233;
17202 +          Q_audience_score_positiveFalse  =     0.56542056074766;
17203 +          V_audience_score_positiveTrue  =     0.44444444444444;
17204 +          V_audience_score_positiveFalse  =     0.55555555555555;
17205 +          I_audience_score_positive  = 'FALSE' ;
17206 +          U_audience_score_positive  = 'False' ;
17207 +          END;
17208 +        END;
17209 +      END;
17210 +    ELSE DO;
17211 +      IF  NOT MISSING(IMP_ss_count ) AND
17212 +        IMP_ss_count  <                 19.5 THEN DO;
17213 +        IF  NOT MISSING(IMP_user_rating_count ) AND
17214 +                         474.5 <= IMP_user_rating_count  THEN DO;
17215 +          _NODE_  =                   45;
17216 +          _LEAF_  =                   13;
17217 +          P_audience_score_positiveTrue  =     0.73584905660377;
17218 +          P_audience_score_positiveFalse  =     0.26415094339622;
17219 +          Q_audience_score_positiveTrue  =     0.73584905660377;
17220 +          Q_audience_score_positiveFalse  =     0.26415094339622;
17221 +          V_audience_score_positiveTrue  =     0.77611940298507;
17222 +          V_audience_score_positiveFalse  =     0.22388059701492;
17223 +          I_audience_score_positive  = 'TRUE' ;
17224 +          U_audience_score_positive  = 'True' ;
17225 +          END;
17226 +        ELSE DO;
17227 +          IF  NOT MISSING(IMP_user_rating_count ) AND
17228 +                           385.5 <= IMP_user_rating_count  THEN DO;
17229 +            _NODE_  =                   83;
17230 +            _LEAF_  =                   12;
17231 +            P_audience_score_positiveTrue  =                 0.25;
17232 +            P_audience_score_positiveFalse  =                 0.75;
17233 +            Q_audience_score_positiveTrue  =                 0.25;
17234 +            Q_audience_score_positiveFalse  =                 0.75;
17235 +            V_audience_score_positiveTrue  =                0.125;
17236 +            V_audience_score_positiveFalse  =                0.875;
17237 +            I_audience_score_positive  = 'FALSE' ;
17238 +            U_audience_score_positive  = 'False' ;
17239 +            END;
17240 +          ELSE DO;
17241 +            _NODE_  =                   82;
17242 +            _LEAF_  =                   11;
17243 +            P_audience_score_positiveTrue  =     0.61224489795918;
17244 +            P_audience_score_positiveFalse  =     0.38775510204081;
17245 +            Q_audience_score_positiveTrue  =     0.61224489795918;
17246 +            Q_audience_score_positiveFalse  =     0.38775510204081;
17247 +            V_audience_score_positiveTrue  =     0.61494252873563;
17248 +            V_audience_score_positiveFalse  =     0.38505747126436;
17249 +            I_audience_score_positive  = 'TRUE' ;
17250 +            U_audience_score_positive  = 'True' ;
17251 +            END;
17252 +          END;
17253 +        END;
17254 +      ELSE DO;
17255 +        _NODE_  =                   25;
17256 +        _LEAF_  =                   14;
17257 +        P_audience_score_positiveTrue  =     0.83387622149837;
17258 +        P_audience_score_positiveFalse  =     0.16612377850162;
17259 +        Q_audience_score_positiveTrue  =     0.83387622149837;
17260 +        Q_audience_score_positiveFalse  =     0.16612377850162;
17261 +        V_audience_score_positiveTrue  =     0.76567656765676;
17262 +        V_audience_score_positiveFalse  =     0.23432343234323;
17263 +        I_audience_score_positive  = 'TRUE' ;
17264 +        U_audience_score_positive  = 'True' ;
17265 +        END;
17266 +      END;
17267 +    END;
17268 +  END;
17269 +ELSE DO;
17270 +  _ARBFMT_12 = PUT( genre_HistDocument , BEST12.);
17271 +   %DMNORMIP( _ARBFMT_12);
17272 +  IF _ARBFMT_12 IN ('1' ) THEN DO;
17273 +    _NODE_  =                    4;
17274 +    _LEAF_  =                    1;
17275 +    P_audience_score_positiveTrue  =     0.63157894736842;
17276 +    P_audience_score_positiveFalse  =     0.36842105263157;
17277 +    Q_audience_score_positiveTrue  =     0.63157894736842;
17278 +    Q_audience_score_positiveFalse  =     0.36842105263157;
17279 +    V_audience_score_positiveTrue  =     0.71428571428571;
17280 +    V_audience_score_positiveFalse  =     0.28571428571428;
17281 +    I_audience_score_positive  = 'TRUE' ;
17282 +    U_audience_score_positive  = 'True' ;
17283 +    END;
17284 +  ELSE DO;
17285 +    IF  NOT MISSING(IMP_runtime ) AND
17286 +               103.9140625 <= IMP_runtime  THEN DO;
17287 +      IF  NOT MISSING(IMP_ss_std ) AND
17288 +        IMP_ss_std  <     0.46179765923036 THEN DO;
17289 +        IF  NOT MISSING(IMP_user_rating_count ) AND
17290 +                        9282.5 <= IMP_user_rating_count  THEN DO;
17291 +          _NODE_  =                   41;
17292 +          _LEAF_  =                    7;
17293 +          P_audience_score_positiveTrue  =     0.94444444444444;
17294 +          P_audience_score_positiveFalse  =     0.05555555555555;
17295 +          Q_audience_score_positiveTrue  =     0.94444444444444;
17296 +          Q_audience_score_positiveFalse  =     0.05555555555555;
17297 +          V_audience_score_positiveTrue  =     0.69767441860465;
17298 +          V_audience_score_positiveFalse  =     0.30232558139534;
17299 +          I_audience_score_positive  = 'TRUE' ;
17300 +          U_audience_score_positive  = 'True' ;
17301 +          END;
17302 +        ELSE DO;
17303 +          _NODE_  =                   40;
17304 +          _LEAF_  =                    6;
17305 +          P_audience_score_positiveTrue  =     0.44776119402985;
17306 +          P_audience_score_positiveFalse  =     0.55223880597014;
17307 +          Q_audience_score_positiveTrue  =     0.44776119402985;
17308 +          Q_audience_score_positiveFalse  =     0.55223880597014;
17309 +          V_audience_score_positiveTrue  =              0.46875;
17310 +          V_audience_score_positiveFalse  =              0.53125;
17311 +          I_audience_score_positive  = 'FALSE' ;
17312 +          U_audience_score_positive  = 'False' ;
17313 +          END;
17314 +        END;
17315 +      ELSE DO;
17316 +        _ARBFMT_12 = PUT( genre_DramaTele , BEST12.);
17317 +         %DMNORMIP( _ARBFMT_12);
17318 +        IF _ARBFMT_12 IN ('0' ) THEN DO;
17319 +          IF  NOT MISSING(IMP_ss_count ) AND
17320 +                             286 <= IMP_ss_count  THEN DO;
17321 +            _NODE_  =                   81;
17322 +            _LEAF_  =                   10;
17323 +            P_audience_score_positiveTrue  =                 0.75;
17324 +            P_audience_score_positiveFalse  =                 0.25;
17325 +            Q_audience_score_positiveTrue  =                 0.75;
17326 +            Q_audience_score_positiveFalse  =                 0.25;
17327 +            V_audience_score_positiveTrue  =     0.71428571428571;
17328 +            V_audience_score_positiveFalse  =     0.28571428571428;
17329 +            I_audience_score_positive  = 'TRUE' ;
17330 +            U_audience_score_positive  = 'True' ;
17331 +            END;
17332 +          ELSE DO;
17333 +            _NODE_  =                   80;
17334 +            _LEAF_  =                    9;
17335 +            P_audience_score_positiveTrue  =      0.1551724137931;
17336 +            P_audience_score_positiveFalse  =     0.84482758620689;
17337 +            Q_audience_score_positiveTrue  =      0.1551724137931;
17338 +            Q_audience_score_positiveFalse  =     0.84482758620689;
17339 +            V_audience_score_positiveTrue  =     0.30172413793103;
17340 +            V_audience_score_positiveFalse  =     0.69827586206896;
17341 +            I_audience_score_positive  = 'FALSE' ;
17342 +            U_audience_score_positive  = 'False' ;
17343 +            END;
17344 +          END;
17345 +        ELSE DO;
17346 +          _NODE_  =                   42;
17347 +          _LEAF_  =                    8;
17348 +          P_audience_score_positiveTrue  =     0.39487179487179;
17349 +          P_audience_score_positiveFalse  =      0.6051282051282;
17350 +          Q_audience_score_positiveTrue  =     0.39487179487179;
17351 +          Q_audience_score_positiveFalse  =      0.6051282051282;
17352 +          V_audience_score_positiveTrue  =     0.32710280373831;
17353 +          V_audience_score_positiveFalse  =     0.67289719626168;
17354 +          I_audience_score_positive  = 'FALSE' ;
17355 +          U_audience_score_positive  = 'False' ;
17356 +          END;
17357 +        END;
17358 +      END;
17359 +    ELSE DO;
17360 +      IF  NOT MISSING(IMP_ss_mean ) AND
17361 +            0.59962546816479 <= IMP_ss_mean  THEN DO;
17362 +        IF  NOT MISSING(IMP_user_rating_count ) AND
17363 +                         15376 <= IMP_user_rating_count  THEN DO;
17364 +          IF  NOT MISSING(IMP_ss_mean ) AND
17365 +            IMP_ss_mean  <     0.63378735718205 THEN DO;
17366 +            _NODE_  =                   72;
17367 +            _LEAF_  =                    4;
17368 +            P_audience_score_positiveTrue  =                    0;
17369 +            P_audience_score_positiveFalse  =                    1;
17370 +            Q_audience_score_positiveTrue  =                    0;
17371 +            Q_audience_score_positiveFalse  =                    1;
17372 +            V_audience_score_positiveTrue  =     0.44444444444444;
17373 +            V_audience_score_positiveFalse  =     0.55555555555555;
17374 +            I_audience_score_positive  = 'FALSE' ;
17375 +            U_audience_score_positive  = 'False' ;
17376 +            END;
17377 +          ELSE DO;
17378 +            _NODE_  =                   73;
17379 +            _LEAF_  =                    5;
17380 +            P_audience_score_positiveTrue  =     0.88235294117647;
17381 +            P_audience_score_positiveFalse  =     0.11764705882352;
17382 +            Q_audience_score_positiveTrue  =     0.88235294117647;
17383 +            Q_audience_score_positiveFalse  =     0.11764705882352;
17384 +            V_audience_score_positiveTrue  =     0.57142857142857;
17385 +            V_audience_score_positiveFalse  =     0.42857142857142;
17386 +            I_audience_score_positive  = 'TRUE' ;
17387 +            U_audience_score_positive  = 'True' ;
17388 +            END;
17389 +          END;
17390 +        ELSE DO;
17391 +          _NODE_  =                   38;
17392 +          _LEAF_  =                    3;
17393 +          P_audience_score_positiveTrue  =     0.23011363636363;
17394 +          P_audience_score_positiveFalse  =     0.76988636363636;
17395 +          Q_audience_score_positiveTrue  =     0.23011363636363;
17396 +          Q_audience_score_positiveFalse  =     0.76988636363636;
17397 +          V_audience_score_positiveTrue  =      0.2081081081081;
17398 +          V_audience_score_positiveFalse  =     0.79189189189189;
17399 +          I_audience_score_positive  = 'FALSE' ;
17400 +          U_audience_score_positive  = 'False' ;
17401 +          END;
17402 +        END;
17403 +      ELSE DO;
17404 +        _NODE_  =                   20;
17405 +        _LEAF_  =                    2;
17406 +        P_audience_score_positiveTrue  =     0.11709601873536;
17407 +        P_audience_score_positiveFalse  =     0.88290398126463;
17408 +        Q_audience_score_positiveTrue  =     0.11709601873536;
17409 +        Q_audience_score_positiveFalse  =     0.88290398126463;
17410 +        V_audience_score_positiveTrue  =     0.16331658291457;
17411 +        V_audience_score_positiveFalse  =     0.83668341708542;
17412 +        I_audience_score_positive  = 'FALSE' ;
17413 +        U_audience_score_positive  = 'False' ;
17414 +        END;
17415 +      END;
17416 +    END;
17417 +  END;
17418 +
17419 +*****  RESIDUALS R_ *************;
17420 +IF  F_audience_score_positive  NE 'TRUE'
17421 +AND F_audience_score_positive  NE 'FALSE'  THEN DO;
17422 +        R_audience_score_positiveTrue  = .;
17423 +        R_audience_score_positiveFalse  = .;
17424 + END;
17425 + ELSE DO;
17426 +       R_audience_score_positiveTrue  =  -P_audience_score_positiveTrue ;
17427 +       R_audience_score_positiveFalse  =  -P_audience_score_positiveFalse ;
17428 +       SELECT( F_audience_score_positive  );
17429 +          WHEN( 'TRUE'  ) R_audience_score_positiveTrue  =
17430 +        R_audience_score_positiveTrue  +1;
17431 +          WHEN( 'FALSE'  ) R_audience_score_positiveFalse  =
17432 +        R_audience_score_positiveFalse  +1;
17433 +       END;
17434 + END;
17435 +
17436 +****************************************************************;
17437 +******          END OF DECISION TREE SCORING CODE         ******;
17438 +****************************************************************;
17439 +
17440 +drop _LEAF_;
NOTE: %INCLUDE (level 1) ending.
17441  run;

NOTE: DATA STEP view saved on file EMWS1.TREE_TRAIN.
NOTE: A stored DATA STEP view cannot run under a different operating system.
NOTE: View EMWS1.IMPT_TRAIN.VIEW used (Total process time):
      real time           0.20 seconds
      cpu time            0.12 seconds
      
NOTE: DATA statement used (Total process time):
      real time           0.24 seconds
      cpu time            0.15 seconds
      

17442  quit;
17443  filename emflow;
NOTE: Fileref EMFLOW has been deassigned.

17444  filename emflow "D:\DataMiningProject\SASEM_Project\Workspaces\EMWS1\Tree\EMFLOWSCORE.sas";
17445  *------------------------------------------------------------*;
17446  * Tree: Scoring VALIDATE data;
17447  *------------------------------------------------------------*;
17448  data EMWS1.Tree_VALIDATE
17449  / view=EMWS1.Tree_VALIDATE
17450  ;
17451  set EMWS1.Impt_VALIDATE
17452  ;
17453  %inc emflow;
NOTE: %INCLUDE (level 1) file EMFLOW is file D:\DataMiningProject\SASEM_Project\Workspaces\EMWS1\Tree\EMFLOWSCORE.sas.
17454 +****************************************************************;
17455 +******             DECISION TREE SCORING CODE             ******;
17456 +****************************************************************;
17457 +
17458 +******         LENGTHS OF NEW CHARACTER VARIABLES         ******;
17459 +LENGTH F_audience_score_positive  $    5;
17460 +LENGTH I_audience_score_positive  $    5;
17461 +LENGTH U_audience_score_positive  $    5;
17462 +LENGTH _WARN_  $    4;
17463 +
17464 +******              LABELS FOR NEW VARIABLES              ******;
17465 +label _NODE_ = 'Node' ;
17466 +label _LEAF_ = 'Leaf' ;
17467 +label P_audience_score_positiveTrue =
17468 +'Predicted: audience_score_positive=True' ;
17469 +label P_audience_score_positiveFalse =
17470 +'Predicted: audience_score_positive=False' ;
17471 +label Q_audience_score_positiveTrue =
17472 +'Unadjusted P: audience_score_positive=True' ;
17473 +label Q_audience_score_positiveFalse =
17474 +'Unadjusted P: audience_score_positive=False' ;
17475 +label V_audience_score_positiveTrue =
17476 +'Validated: audience_score_positive=True' ;
17477 +label V_audience_score_positiveFalse =
17478 +'Validated: audience_score_positive=False' ;
17479 +label R_audience_score_positiveTrue =
17480 +'Residual: audience_score_positive=True' ;
17481 +label R_audience_score_positiveFalse =
17482 +'Residual: audience_score_positive=False' ;
17483 +label F_audience_score_positive = 'From: audience_score_positive' ;
17484 +label I_audience_score_positive = 'Into: audience_score_positive' ;
17485 +label U_audience_score_positive =
17486 +'Unnormalized Into: audience_score_positive' ;
17487 +label _WARN_ = 'Warnings' ;
17488 +
17489 +
17490 +******      TEMPORARY VARIABLES FOR FORMATTED VALUES      ******;
17491 +LENGTH _ARBFMT_5 $      5; DROP _ARBFMT_5;
17492 +_ARBFMT_5 = ' '; /* Initialize to avoid warning. */
17493 +LENGTH _ARBFMT_12 $     12; DROP _ARBFMT_12;
17494 +_ARBFMT_12 = ' '; /* Initialize to avoid warning. */
17495 +
17496 +
17497 +_ARBFMT_5 = PUT( audience_score_positive , $5.);
17498 + %DMNORMCP( _ARBFMT_5, F_audience_score_positive );
17499 +
17500 +******             ASSIGN OBSERVATION TO NODE             ******;
17501 +IF  NOT MISSING(IMP_ss_p25 ) AND
17502 +                 0.875 <= IMP_ss_p25  THEN DO;
17503 +  IF  NOT MISSING(tomatometer_count ) AND
17504 +                   130.5 <= tomatometer_count  THEN DO;
17505 +    _NODE_  =                    7;
17506 +    _LEAF_  =                   18;
17507 +    P_audience_score_positiveTrue  =      0.9269406392694;
17508 +    P_audience_score_positiveFalse  =     0.07305936073059;
17509 +    Q_audience_score_positiveTrue  =      0.9269406392694;
17510 +    Q_audience_score_positiveFalse  =     0.07305936073059;
17511 +    V_audience_score_positiveTrue  =     0.91079812206572;
17512 +    V_audience_score_positiveFalse  =     0.08920187793427;
17513 +    I_audience_score_positive  = 'TRUE' ;
17514 +    U_audience_score_positive  = 'True' ;
17515 +    END;
17516 +  ELSE DO;
17517 +    IF  NOT MISSING(IMP_ss_std ) AND
17518 +          0.39564972747488 <= IMP_ss_std  THEN DO;
17519 +      _ARBFMT_12 = PUT( genre_HistDocument , BEST12.);
17520 +       %DMNORMIP( _ARBFMT_12);
17521 +      IF _ARBFMT_12 IN ('1' ) THEN DO;
17522 +        _NODE_  =                   26;
17523 +        _LEAF_  =                   15;
17524 +        P_audience_score_positiveTrue  =     0.67948717948717;
17525 +        P_audience_score_positiveFalse  =     0.32051282051282;
17526 +        Q_audience_score_positiveTrue  =     0.67948717948717;
17527 +        Q_audience_score_positiveFalse  =     0.32051282051282;
17528 +        V_audience_score_positiveTrue  =      0.7012987012987;
17529 +        V_audience_score_positiveFalse  =     0.29870129870129;
17530 +        I_audience_score_positive  = 'TRUE' ;
17531 +        U_audience_score_positive  = 'True' ;
17532 +        END;
17533 +      ELSE DO;
17534 +        IF  NOT MISSING(IMP_runtime ) AND
17535 +                         110.5 <= IMP_runtime  THEN DO;
17536 +          _NODE_  =                   51;
17537 +          _LEAF_  =                   17;
17538 +          P_audience_score_positiveTrue  =      0.6938775510204;
17539 +          P_audience_score_positiveFalse  =     0.30612244897959;
17540 +          Q_audience_score_positiveTrue  =      0.6938775510204;
17541 +          Q_audience_score_positiveFalse  =     0.30612244897959;
17542 +          V_audience_score_positiveTrue  =     0.55263157894736;
17543 +          V_audience_score_positiveFalse  =     0.44736842105263;
17544 +          I_audience_score_positive  = 'TRUE' ;
17545 +          U_audience_score_positive  = 'True' ;
17546 +          END;
17547 +        ELSE DO;
17548 +          _NODE_  =                   50;
17549 +          _LEAF_  =                   16;
17550 +          P_audience_score_positiveTrue  =     0.43457943925233;
17551 +          P_audience_score_positiveFalse  =     0.56542056074766;
17552 +          Q_audience_score_positiveTrue  =     0.43457943925233;
17553 +          Q_audience_score_positiveFalse  =     0.56542056074766;
17554 +          V_audience_score_positiveTrue  =     0.44444444444444;
17555 +          V_audience_score_positiveFalse  =     0.55555555555555;
17556 +          I_audience_score_positive  = 'FALSE' ;
17557 +          U_audience_score_positive  = 'False' ;
17558 +          END;
17559 +        END;
17560 +      END;
17561 +    ELSE DO;
17562 +      IF  NOT MISSING(IMP_ss_count ) AND
17563 +        IMP_ss_count  <                 19.5 THEN DO;
17564 +        IF  NOT MISSING(IMP_user_rating_count ) AND
17565 +                         474.5 <= IMP_user_rating_count  THEN DO;
17566 +          _NODE_  =                   45;
17567 +          _LEAF_  =                   13;
17568 +          P_audience_score_positiveTrue  =     0.73584905660377;
17569 +          P_audience_score_positiveFalse  =     0.26415094339622;
17570 +          Q_audience_score_positiveTrue  =     0.73584905660377;
17571 +          Q_audience_score_positiveFalse  =     0.26415094339622;
17572 +          V_audience_score_positiveTrue  =     0.77611940298507;
17573 +          V_audience_score_positiveFalse  =     0.22388059701492;
17574 +          I_audience_score_positive  = 'TRUE' ;
17575 +          U_audience_score_positive  = 'True' ;
17576 +          END;
17577 +        ELSE DO;
17578 +          IF  NOT MISSING(IMP_user_rating_count ) AND
17579 +                           385.5 <= IMP_user_rating_count  THEN DO;
17580 +            _NODE_  =                   83;
17581 +            _LEAF_  =                   12;
17582 +            P_audience_score_positiveTrue  =                 0.25;
17583 +            P_audience_score_positiveFalse  =                 0.75;
17584 +            Q_audience_score_positiveTrue  =                 0.25;
17585 +            Q_audience_score_positiveFalse  =                 0.75;
17586 +            V_audience_score_positiveTrue  =                0.125;
17587 +            V_audience_score_positiveFalse  =                0.875;
17588 +            I_audience_score_positive  = 'FALSE' ;
17589 +            U_audience_score_positive  = 'False' ;
17590 +            END;
17591 +          ELSE DO;
17592 +            _NODE_  =                   82;
17593 +            _LEAF_  =                   11;
17594 +            P_audience_score_positiveTrue  =     0.61224489795918;
17595 +            P_audience_score_positiveFalse  =     0.38775510204081;
17596 +            Q_audience_score_positiveTrue  =     0.61224489795918;
17597 +            Q_audience_score_positiveFalse  =     0.38775510204081;
17598 +            V_audience_score_positiveTrue  =     0.61494252873563;
17599 +            V_audience_score_positiveFalse  =     0.38505747126436;
17600 +            I_audience_score_positive  = 'TRUE' ;
17601 +            U_audience_score_positive  = 'True' ;
17602 +            END;
17603 +          END;
17604 +        END;
17605 +      ELSE DO;
17606 +        _NODE_  =                   25;
17607 +        _LEAF_  =                   14;
17608 +        P_audience_score_positiveTrue  =     0.83387622149837;
17609 +        P_audience_score_positiveFalse  =     0.16612377850162;
17610 +        Q_audience_score_positiveTrue  =     0.83387622149837;
17611 +        Q_audience_score_positiveFalse  =     0.16612377850162;
17612 +        V_audience_score_positiveTrue  =     0.76567656765676;
17613 +        V_audience_score_positiveFalse  =     0.23432343234323;
17614 +        I_audience_score_positive  = 'TRUE' ;
17615 +        U_audience_score_positive  = 'True' ;
17616 +        END;
17617 +      END;
17618 +    END;
17619 +  END;
17620 +ELSE DO;
17621 +  _ARBFMT_12 = PUT( genre_HistDocument , BEST12.);
17622 +   %DMNORMIP( _ARBFMT_12);
17623 +  IF _ARBFMT_12 IN ('1' ) THEN DO;
17624 +    _NODE_  =                    4;
17625 +    _LEAF_  =                    1;
17626 +    P_audience_score_positiveTrue  =     0.63157894736842;
17627 +    P_audience_score_positiveFalse  =     0.36842105263157;
17628 +    Q_audience_score_positiveTrue  =     0.63157894736842;
17629 +    Q_audience_score_positiveFalse  =     0.36842105263157;
17630 +    V_audience_score_positiveTrue  =     0.71428571428571;
17631 +    V_audience_score_positiveFalse  =     0.28571428571428;
17632 +    I_audience_score_positive  = 'TRUE' ;
17633 +    U_audience_score_positive  = 'True' ;
17634 +    END;
17635 +  ELSE DO;
17636 +    IF  NOT MISSING(IMP_runtime ) AND
17637 +               103.9140625 <= IMP_runtime  THEN DO;
17638 +      IF  NOT MISSING(IMP_ss_std ) AND
17639 +        IMP_ss_std  <     0.46179765923036 THEN DO;
17640 +        IF  NOT MISSING(IMP_user_rating_count ) AND
17641 +                        9282.5 <= IMP_user_rating_count  THEN DO;
17642 +          _NODE_  =                   41;
17643 +          _LEAF_  =                    7;
17644 +          P_audience_score_positiveTrue  =     0.94444444444444;
17645 +          P_audience_score_positiveFalse  =     0.05555555555555;
17646 +          Q_audience_score_positiveTrue  =     0.94444444444444;
17647 +          Q_audience_score_positiveFalse  =     0.05555555555555;
17648 +          V_audience_score_positiveTrue  =     0.69767441860465;
17649 +          V_audience_score_positiveFalse  =     0.30232558139534;
17650 +          I_audience_score_positive  = 'TRUE' ;
17651 +          U_audience_score_positive  = 'True' ;
17652 +          END;
17653 +        ELSE DO;
17654 +          _NODE_  =                   40;
17655 +          _LEAF_  =                    6;
17656 +          P_audience_score_positiveTrue  =     0.44776119402985;
17657 +          P_audience_score_positiveFalse  =     0.55223880597014;
17658 +          Q_audience_score_positiveTrue  =     0.44776119402985;
17659 +          Q_audience_score_positiveFalse  =     0.55223880597014;
17660 +          V_audience_score_positiveTrue  =              0.46875;
17661 +          V_audience_score_positiveFalse  =              0.53125;
17662 +          I_audience_score_positive  = 'FALSE' ;
17663 +          U_audience_score_positive  = 'False' ;
17664 +          END;
17665 +        END;
17666 +      ELSE DO;
17667 +        _ARBFMT_12 = PUT( genre_DramaTele , BEST12.);
17668 +         %DMNORMIP( _ARBFMT_12);
17669 +        IF _ARBFMT_12 IN ('0' ) THEN DO;
17670 +          IF  NOT MISSING(IMP_ss_count ) AND
17671 +                             286 <= IMP_ss_count  THEN DO;
17672 +            _NODE_  =                   81;
17673 +            _LEAF_  =                   10;
17674 +            P_audience_score_positiveTrue  =                 0.75;
17675 +            P_audience_score_positiveFalse  =                 0.25;
17676 +            Q_audience_score_positiveTrue  =                 0.75;
17677 +            Q_audience_score_positiveFalse  =                 0.25;
17678 +            V_audience_score_positiveTrue  =     0.71428571428571;
17679 +            V_audience_score_positiveFalse  =     0.28571428571428;
17680 +            I_audience_score_positive  = 'TRUE' ;
17681 +            U_audience_score_positive  = 'True' ;
17682 +            END;
17683 +          ELSE DO;
17684 +            _NODE_  =                   80;
17685 +            _LEAF_  =                    9;
17686 +            P_audience_score_positiveTrue  =      0.1551724137931;
17687 +            P_audience_score_positiveFalse  =     0.84482758620689;
17688 +            Q_audience_score_positiveTrue  =      0.1551724137931;
17689 +            Q_audience_score_positiveFalse  =     0.84482758620689;
17690 +            V_audience_score_positiveTrue  =     0.30172413793103;
17691 +            V_audience_score_positiveFalse  =     0.69827586206896;
17692 +            I_audience_score_positive  = 'FALSE' ;
17693 +            U_audience_score_positive  = 'False' ;
17694 +            END;
17695 +          END;
17696 +        ELSE DO;
17697 +          _NODE_  =                   42;
17698 +          _LEAF_  =                    8;
17699 +          P_audience_score_positiveTrue  =     0.39487179487179;
17700 +          P_audience_score_positiveFalse  =      0.6051282051282;
17701 +          Q_audience_score_positiveTrue  =     0.39487179487179;
17702 +          Q_audience_score_positiveFalse  =      0.6051282051282;
17703 +          V_audience_score_positiveTrue  =     0.32710280373831;
17704 +          V_audience_score_positiveFalse  =     0.67289719626168;
17705 +          I_audience_score_positive  = 'FALSE' ;
17706 +          U_audience_score_positive  = 'False' ;
17707 +          END;
17708 +        END;
17709 +      END;
17710 +    ELSE DO;
17711 +      IF  NOT MISSING(IMP_ss_mean ) AND
17712 +            0.59962546816479 <= IMP_ss_mean  THEN DO;
17713 +        IF  NOT MISSING(IMP_user_rating_count ) AND
17714 +                         15376 <= IMP_user_rating_count  THEN DO;
17715 +          IF  NOT MISSING(IMP_ss_mean ) AND
17716 +            IMP_ss_mean  <     0.63378735718205 THEN DO;
17717 +            _NODE_  =                   72;
17718 +            _LEAF_  =                    4;
17719 +            P_audience_score_positiveTrue  =                    0;
17720 +            P_audience_score_positiveFalse  =                    1;
17721 +            Q_audience_score_positiveTrue  =                    0;
17722 +            Q_audience_score_positiveFalse  =                    1;
17723 +            V_audience_score_positiveTrue  =     0.44444444444444;
17724 +            V_audience_score_positiveFalse  =     0.55555555555555;
17725 +            I_audience_score_positive  = 'FALSE' ;
17726 +            U_audience_score_positive  = 'False' ;
17727 +            END;
17728 +          ELSE DO;
17729 +            _NODE_  =                   73;
17730 +            _LEAF_  =                    5;
17731 +            P_audience_score_positiveTrue  =     0.88235294117647;
17732 +            P_audience_score_positiveFalse  =     0.11764705882352;
17733 +            Q_audience_score_positiveTrue  =     0.88235294117647;
17734 +            Q_audience_score_positiveFalse  =     0.11764705882352;
17735 +            V_audience_score_positiveTrue  =     0.57142857142857;
17736 +            V_audience_score_positiveFalse  =     0.42857142857142;
17737 +            I_audience_score_positive  = 'TRUE' ;
17738 +            U_audience_score_positive  = 'True' ;
17739 +            END;
17740 +          END;
17741 +        ELSE DO;
17742 +          _NODE_  =                   38;
17743 +          _LEAF_  =                    3;
17744 +          P_audience_score_positiveTrue  =     0.23011363636363;
17745 +          P_audience_score_positiveFalse  =     0.76988636363636;
17746 +          Q_audience_score_positiveTrue  =     0.23011363636363;
17747 +          Q_audience_score_positiveFalse  =     0.76988636363636;
17748 +          V_audience_score_positiveTrue  =      0.2081081081081;
17749 +          V_audience_score_positiveFalse  =     0.79189189189189;
17750 +          I_audience_score_positive  = 'FALSE' ;
17751 +          U_audience_score_positive  = 'False' ;
17752 +          END;
17753 +        END;
17754 +      ELSE DO;
17755 +        _NODE_  =                   20;
17756 +        _LEAF_  =                    2;
17757 +        P_audience_score_positiveTrue  =     0.11709601873536;
17758 +        P_audience_score_positiveFalse  =     0.88290398126463;
17759 +        Q_audience_score_positiveTrue  =     0.11709601873536;
17760 +        Q_audience_score_positiveFalse  =     0.88290398126463;
17761 +        V_audience_score_positiveTrue  =     0.16331658291457;
17762 +        V_audience_score_positiveFalse  =     0.83668341708542;
17763 +        I_audience_score_positive  = 'FALSE' ;
17764 +        U_audience_score_positive  = 'False' ;
17765 +        END;
17766 +      END;
17767 +    END;
17768 +  END;
17769 +
17770 +*****  RESIDUALS R_ *************;
17771 +IF  F_audience_score_positive  NE 'TRUE'
17772 +AND F_audience_score_positive  NE 'FALSE'  THEN DO;
17773 +        R_audience_score_positiveTrue  = .;
17774 +        R_audience_score_positiveFalse  = .;
17775 + END;
17776 + ELSE DO;
17777 +       R_audience_score_positiveTrue  =  -P_audience_score_positiveTrue ;
17778 +       R_audience_score_positiveFalse  =  -P_audience_score_positiveFalse ;
17779 +       SELECT( F_audience_score_positive  );
17780 +          WHEN( 'TRUE'  ) R_audience_score_positiveTrue  =
17781 +        R_audience_score_positiveTrue  +1;
17782 +          WHEN( 'FALSE'  ) R_audience_score_positiveFalse  =
17783 +        R_audience_score_positiveFalse  +1;
17784 +       END;
17785 + END;
17786 +
17787 +****************************************************************;
17788 +******          END OF DECISION TREE SCORING CODE         ******;
17789 +****************************************************************;
17790 +
17791 +drop _LEAF_;
NOTE: %INCLUDE (level 1) ending.
17792  run;

NOTE: DATA STEP view saved on file EMWS1.TREE_VALIDATE.
NOTE: A stored DATA STEP view cannot run under a different operating system.
NOTE: View EMWS1.IMPT_VALIDATE.VIEW used (Total process time):
      real time           0.18 seconds
      cpu time            0.14 seconds
      
NOTE: DATA statement used (Total process time):
      real time           0.21 seconds
      cpu time            0.17 seconds
      

17793  quit;
17794  filename emflow;
NOTE: Fileref EMFLOW has been deassigned.

NOTE: View EMWS1.TREE_TRAIN.VIEW used (Total process time):
      real time           0.20 seconds
      cpu time            0.20 seconds
      
17796  proc sort data=WORK.EM_USER_REPORT;
17797  by ID VIEW;
17798  run;

NOTE: There were 132 observations read from the data set WORK.EM_USER_REPORT.
NOTE: The data set WORK.EM_USER_REPORT has 132 observations and 4 variables.
NOTE: PROCEDURE SORT used (Total process time):
      real time           0.02 seconds
      cpu time            0.00 seconds
      

17799  *------------------------------------------------------------*;
17800  * Tree: Computing metadata for TRAIN data;
17801  *------------------------------------------------------------*;

NOTE: View EMWS1.TREE_TRAIN.VIEW used (Total process time):
      real time           0.20 seconds
      cpu time            0.18 seconds
      
18277  data WORK.MODELTEMP_INFO;
18278  set EMWS1.Tree_EMINFO;
18279  where DATA='Tree' and KEY ^in('DECDATA', 'DECMETA', 'IMPORTANCE', 'MODEL');
18280  run;

NOTE: There were 0 observations read from the data set EMWS1.TREE_EMINFO.
      WHERE (DATA='Tree') and KEY not in ('DECDATA', 'DECMETA', 'IMPORTANCE', 'MODEL');
NOTE: The data set WORK.MODELTEMP_INFO has 0 observations and 3 variables.
NOTE: DATA statement used (Total process time):
      real time           0.02 seconds
      cpu time            0.00 seconds
      

18281  data EMWS1.Tree_EMINFO;
18282  length TARGET KEY $32 DATA $43;
18283  input TARGET KEY DATA $;
18284  cards;

NOTE: The data set EMWS1.TREE_EMINFO has 3 observations and 3 variables.
NOTE: DATA statement used (Total process time):
      real time           0.03 seconds
      cpu time            0.00 seconds
      

18288  run;
18289  data EMWS1.Tree_EMINFO;
18290  set EMWS1.Tree_EMINFO WORK.MODELTEMP_INFO;
18291  run;

NOTE: There were 3 observations read from the data set EMWS1.TREE_EMINFO.
NOTE: There were 0 observations read from the data set WORK.MODELTEMP_INFO.
NOTE: The data set EMWS1.TREE_EMINFO has 3 observations and 3 variables.
NOTE: DATA statement used (Total process time):
      real time           0.03 seconds
      cpu time            0.00 seconds
      

18292  proc sort data = EMWS1.Tree_EMINFO NOTHREADS;
18293  by TARGET KEY;
18294  run;

NOTE: There were 3 observations read from the data set EMWS1.TREE_EMINFO.
NOTE: The data set EMWS1.TREE_EMINFO has 3 observations and 3 variables.
NOTE: PROCEDURE SORT used (Total process time):
      real time           0.02 seconds
      cpu time            0.01 seconds
      

NOTE: View EMWS1.TREE_TRAIN.VIEW used (Total process time):
      real time           0.20 seconds
      cpu time            0.18 seconds
      
NOTE: View EMWS1.TREE_VALIDATE.VIEW used (Total process time):
      real time           0.20 seconds
      cpu time            0.18 seconds
      
