NOTE: PROCEDURE PRINTTO used (Total process time):
      real time           0.00 seconds
      cpu time            0.00 seconds
      

NOTE: 1230216 kilobytes of physical memory.
NOTE: The subtree sequence contains 8 subtrees. The largest has 15 nodes and 8 leaves.
NOTE: Variable _WARN_ is uninitialized.
NOTE: Will use 2438 out of 2438 training cases.
NOTE: Using memory pool with 331972608 bytes.
NOTE: View EMWS1.IMPT_VALIDATE.VIEW used (Total process time):
      real time           0.28 seconds
      cpu time            0.18 seconds
      
NOTE: Variable _WARN_ is uninitialized.
NOTE: There were 2440 observations read from the data set EMWS1.PART_VALIDATE.
NOTE: There were 2440 observations read from the data set EMWS1.GRFEXPL_VALIDATE.
NOTE: The subtree sequence contains 8 subtrees. The largest has 15 nodes and 8 leaves.
NOTE: Using subtree with 15 nodes and 8 leaves.
NOTE: Created macro variable NLEAVES equal to 8.
NOTE: The data set EMWS1.TREE_OUTIMPORT has 38 observations and 6 variables.
NOTE: The data set EMWS1.TREE_EMTREE has 836 observations and 4 variables.
NOTE: The data set EMWS1.TREE_OUTNODES has 15 observations and 24 variables.
NOTE: The data set EMWS1.TREE_OUTPATH has 50 observations and 7 variables.
NOTE: The data set EMWS1.TREE_OUTRULES has 218 observations and 6 variables.
NOTE: The data set EMWS1.TREE_OUTSEQ has 8 observations and 20 variables.
NOTE: The data set EMWS1.TREE_OUTSTATS has 105 observations and 5 variables.
NOTE: The data set EMWS1.TREE_OUTSUMMARY has 24 observations and 6 variables.
NOTE: The data set EMWS1.TREE_OUTTOPOLOGY has 15 observations and 5 variables.
NOTE: External file D:\DataMiningProject\SASEM_Project\Workspaces\EMWS1\Tree\TREEFLOW.sas 
      opened.
NOTE: External file D:\DataMiningProject\SASEM_Project\Workspaces\EMWS1\Tree\TREEPUBLISH.sas 
      opened.
NOTE: View EMWS1.IMPT_TRAIN.VIEW used (Total process time):
      real time           0.29 seconds
      cpu time            0.22 seconds
      
NOTE: Variable _WARN_ is uninitialized.
NOTE: The data set WORK.FIT_TRAIN has 1 observations and 10 variables.
NOTE: There were 2438 observations read from the data set EMWS1.PART_TRAIN.
NOTE: There were 2438 observations read from the data set EMWS1.GRFEXPL_TRAIN.
NOTE: View EMWS1.IMPT_VALIDATE.VIEW used (Total process time):
      real time           0.29 seconds
      cpu time            0.20 seconds
      
NOTE: Variable _WARN_ is uninitialized.
NOTE: The data set WORK.FIT_VALID has 1 observations and 8 variables.
NOTE: There were 2440 observations read from the data set EMWS1.PART_VALIDATE.
NOTE: There were 2440 observations read from the data set EMWS1.GRFEXPL_VALIDATE.


NOTE: There were 2438 observations read from the data set EMWS1.PART_TRAIN.
NOTE: View EMWS1.IMPT_TRAIN.VIEW used (Total process time):
      real time           1.62 seconds
      cpu time            1.12 seconds
      
NOTE: There were 2438 observations read from the data set EMWS1.GRFEXPL_TRAIN.
NOTE: There were 2438 observations read from the data set EMWS1.IMPT_TRAIN.
NOTE: The data set WORK._NAMEDAT has 2 observations and 5 variables.
NOTE: PROCEDURE ARBOR used (Total process time):
      real time           1.67 seconds
      cpu time            1.17 seconds
      


NOTE: There were 1 observations read from the data set EMWS1.TREE_VARIABLESET.
      WHERE ROLE='TARGET';
NOTE: The data set WORK.TEMPTARGET has 1 observations and 21 variables.
NOTE: DATA statement used (Total process time):
      real time           0.02 seconds
      cpu time            0.01 seconds
      


NOTE: There were 1 observations read from the data set WORK.FIT_TRAIN.
NOTE: There were 1 observations read from the data set WORK.FIT_VALID.
NOTE: The data set EMWS1.TREE_EMOUTFIT has 1 observations and 16 variables.
NOTE: DATA statement used (Total process time):
      real time           0.05 seconds
      cpu time            0.01 seconds
      


NOTE: Deleting WORK.FIT_VALID (memtype=DATA).

NOTE: PROCEDURE DATASETS used (Total process time):
      real time           0.02 seconds
      cpu time            0.01 seconds
      


NOTE: Variable cvimportance is uninitialized.
NOTE: Variable nsurrogates is uninitialized.
NOTE: There were 2 observations read from the data set EMWS1.TREE_OUTIMPORT.
NOTE: DATA statement used (Total process time):
      real time           0.00 seconds
      cpu time            0.01 seconds
      


NOTE: There were 6 observations read from the data set EMWS1.TREE_OUTIMPORT.
      WHERE nrules>0;
NOTE: The PROCEDURE PRINT printed page 129.
NOTE: PROCEDURE PRINT used (Total process time):
      real time           0.00 seconds
      cpu time            0.00 seconds
      


NOTE: There were 50 observations read from the data set EMWS1.TREE_OUTPATH.
NOTE: The data set WORK.TEMPOUTPATH has 50 observations and 8 variables.
NOTE: DATA statement used (Total process time):
      real time           0.02 seconds
      cpu time            0.00 seconds
      


NOTE: There were 2 observations read from the data set EMWS1.TREE_AUDIENCE_SCORE_P_DM.
      WHERE _TYPE_='PREDICTED';
NOTE: DATA statement used (Total process time):
      real time           0.00 seconds
      cpu time            0.00 seconds
      


NOTE: There were 2 observations read from the data set EMWS1.TREE_OUTNODES.
NOTE: DATA statement used (Total process time):
      real time           0.00 seconds
      cpu time            0.01 seconds
      


NOTE: There were 50 observations read from the data set WORK.TEMPOUTPATH.
NOTE: The data set WORK.TEMPOUTPATH has 50 observations and 8 variables.
NOTE: PROCEDURE SORT used (Total process time):
      real time           0.02 seconds
      cpu time            0.01 seconds
      


NOTE: There were 15 observations read from the data set EMWS1.TREE_OUTNODES.
NOTE: The data set WORK.OUTNODES has 15 observations and 24 variables.
NOTE: PROCEDURE SORT used (Total process time):
      real time           0.03 seconds
      cpu time            0.00 seconds
      


NOTE: There were 50 observations read from the data set WORK.TEMPOUTPATH.
NOTE: There were 15 observations read from the data set WORK.OUTNODES.
NOTE: The data set WORK.TEMPOUTPATH has 50 observations and 11 variables.
NOTE: DATA statement used (Total process time):
      real time           0.03 seconds
      cpu time            0.01 seconds
      


NOTE: There were 50 observations read from the data set WORK.TEMPOUTPATH.
NOTE: The data set WORK.TEMPOUTPATH has 50 observations and 11 variables.
NOTE: PROCEDURE SORT used (Total process time):
      real time           0.02 seconds
      cpu time            0.00 seconds
      


NOTE: Numeric values have been converted to character values at the places given by: 
      (Line):(Column).
      218:176   228:190   374:191   381:195   
NOTE: The file X is:
      Filename=D:\DataMiningProject\SASEM_Project\Workspaces\EMWS1\Tree\ENGLISHRULES.txt,
      RECFM=V,LRECL=131068,File Size (bytes)=0,
      Last Modified=17 November 2019 19:28:47 o'clock,
      Create Time=17 November 2019 11:43:43 o'clock

NOTE: 98 records were written to the file X.
      The minimum record length was 1.
      The maximum record length was 62.
NOTE: There were 50 observations read from the data set WORK.TEMPOUTPATH.
NOTE: DATA statement used (Total process time):
      real time           0.02 seconds
      cpu time            0.01 seconds
      


NOTE: Deleting WORK.TEMPOUTPATH (memtype=DATA).
NOTE: Deleting WORK.OUTNODES (memtype=DATA).

NOTE: PROCEDURE DATASETS used (Total process time):
      real time           0.02 seconds
      cpu time            0.01 seconds
      


NOTE: The data set WORK.EM_USER_REPORT has 132 observations and 4 variables.
NOTE: DATA statement used (Total process time):
      real time           0.06 seconds
      cpu time            0.06 seconds
      

NOTE: Fileref X has been deassigned.

