*------------------------------------------------------------*
* Score Log
Date:                December 22, 2019
Time:                16:21:08
*------------------------------------------------------------*
11337  proc transpose data=EMWS1.Reg2_EMESTIMATE out=WORK.TEMPREG;
11338  where _CHOSEN_ ne '' and _TYPE_='PARMS';
11339  run;

NOTE: There were 1 observations read from the data set EMWS1.REG2_EMESTIMATE.
      WHERE (_CHOSEN_ not = ' ') and (_TYPE_='PARMS');
NOTE: The data set WORK.TEMPREG has 63 observations and 3 variables.
NOTE: PROCEDURE TRANSPOSE used (Total process time):
      real time           0.05 seconds
      cpu time            0.01 seconds
      

11340  proc transpose data=EMWS1.Reg2_MAPDS out=WORK.TEMPREG2(rename=(TARGET=_TARGET_));
11341  var "G0"n--"tomatometer_count"n;
11342  run;

WARNING: The variable TARGET in the DROP, KEEP, or RENAME list has never been referenced.
NOTE: There were 2 observations read from the data set EMWS1.REG2_MAPDS.
NOTE: The data set WORK.TEMPREG2 has 29 observations and 4 variables.
NOTE: PROCEDURE TRANSPOSE used (Total process time):
      real time           0.03 seconds
      cpu time            0.01 seconds
      

11343  proc sort data=WORK.TEMPREG NOTHREADS;
11344  by _NAME_;
11345  run;

NOTE: There were 63 observations read from the data set WORK.TEMPREG.
NOTE: The data set WORK.TEMPREG has 63 observations and 3 variables.
NOTE: PROCEDURE SORT used (Total process time):
      real time           0.01 seconds
      cpu time            0.00 seconds
      

11346  proc sort data=WORK.TEMPREG2 NOTHREADS;
11347  by _NAME_;
11348  run;

NOTE: There were 29 observations read from the data set WORK.TEMPREG2.
NOTE: The data set WORK.TEMPREG2 has 29 observations and 4 variables.
NOTE: PROCEDURE SORT used (Total process time):
      real time           0.01 seconds
      cpu time            0.01 seconds
      

11349  data WORK.TEMPREG3;
11350  merge WORK.TEMPREG(in=ina) WORK.TEMPREG2(in=inb);
11351  by _NAME_;
11352  if (ina and inb) and audience_score_positive ne . then output;
11353  run;

NOTE: There were 63 observations read from the data set WORK.TEMPREG.
NOTE: There were 29 observations read from the data set WORK.TEMPREG2.
NOTE: The data set WORK.TEMPREG3 has 11 observations and 5 variables.
NOTE: DATA statement used (Total process time):
      real time           0.02 seconds
      cpu time            0.01 seconds
      

11354  data WORK.TEMPREG3(KEEP=TERM);
11355  length term $32;
11356  set WORK.TEMPREG3;
11357  i=1;
11358  do while( scan(input , i, '*') ne '' );
11359  term= scan(input , i, '*');
11360  i=i+1;
11361  output;
11362  end;
11363  run;

NOTE: There were 11 observations read from the data set WORK.TEMPREG3.
NOTE: The data set WORK.TEMPREG3 has 11 observations and 1 variables.
NOTE: DATA statement used (Total process time):
      real time           0.01 seconds
      cpu time            0.03 seconds
      

11364  proc sort data=WORK.TEMPREG3 nodupkey NOTHREADS;
11365  by TERM;
11366  run;

NOTE: There were 11 observations read from the data set WORK.TEMPREG3.
NOTE: 0 observations with duplicate key values were deleted.
NOTE: The data set WORK.TEMPREG3 has 11 observations and 1 variables.
NOTE: PROCEDURE SORT used (Total process time):
      real time           0.01 seconds
      cpu time            0.00 seconds
      

11367  filename emflow "C:\Users\yinyen\Desktop\DataMiningProject3\SASEM_Project\Workspaces\EMWS1\Reg2\EMFLOWSCORE.sas";
11368  *------------------------------------------------------------*;
11369  * Reg2: Scoring DATA data;
11370  *------------------------------------------------------------*;
11371  data EMWS1.Reg2_TRAIN
11372  / view=EMWS1.Reg2_TRAIN
11373  ;
11374  set EMWS1.Drop_TRAIN
11375  ;
11376  %inc emflow;
11736  run;

NOTE: DATA STEP view saved on file EMWS1.REG2_TRAIN.
NOTE: A stored DATA STEP view cannot run under a different operating system.
NOTE: View EMWS1.DROP_TRAIN.VIEW used (Total process time):
      real time           0.23 seconds
      cpu time            0.15 seconds
      
NOTE: DATA statement used (Total process time):
      real time           0.26 seconds
      cpu time            0.18 seconds
      

11737  quit;
11738  filename emflow;
NOTE: Fileref EMFLOW has been deassigned.

11739  filename emflow "C:\Users\yinyen\Desktop\DataMiningProject3\SASEM_Project\Workspaces\EMWS1\Reg2\EMFLOWSCORE.sas";
11740  *------------------------------------------------------------*;
11741  * Reg2: Scoring VALIDATE data;
11742  *------------------------------------------------------------*;
11743  data EMWS1.Reg2_VALIDATE
11744  / view=EMWS1.Reg2_VALIDATE
11745  ;
11746  set EMWS1.Drop_VALIDATE
11747  ;
11748  %inc emflow;
12108  run;

NOTE: DATA STEP view saved on file EMWS1.REG2_VALIDATE.
NOTE: A stored DATA STEP view cannot run under a different operating system.
NOTE: View EMWS1.DROP_VALIDATE.VIEW used (Total process time):
      real time           0.20 seconds
      cpu time            0.17 seconds
      
NOTE: DATA statement used (Total process time):
      real time           0.23 seconds
      cpu time            0.20 seconds
      

12109  quit;
12110  filename emflow;
NOTE: Fileref EMFLOW has been deassigned.

12111  *------------------------------------------------------------*;
12112  * Reg2: Computing metadata for TRAIN data;
12113  *------------------------------------------------------------*;

NOTE: View EMWS1.REG2_TRAIN.VIEW used (Total process time):
      real time           0.23 seconds
      cpu time            0.20 seconds
      
12485  data WORK.MODELTEMP_INFO;
12486  set EMWS1.Reg2_EMINFO;
12487  where DATA='Reg2' and KEY ^in('DECDATA', 'DECMETA', 'IMPORTANCE', 'MODEL');
12488  run;

NOTE: There were 0 observations read from the data set EMWS1.REG2_EMINFO.
      WHERE (DATA='Reg2') and KEY not in ('DECDATA', 'DECMETA', 'IMPORTANCE', 'MODEL');
NOTE: The data set WORK.MODELTEMP_INFO has 0 observations and 3 variables.
NOTE: DATA statement used (Total process time):
      real time           0.01 seconds
      cpu time            0.00 seconds
      

12489  data EMWS1.Reg2_EMINFO;
12490  length TARGET KEY $32 DATA $43;
12491  input TARGET KEY DATA $;
12492  cards;

NOTE: The data set EMWS1.REG2_EMINFO has 3 observations and 3 variables.
NOTE: DATA statement used (Total process time):
      real time           0.01 seconds
      cpu time            0.00 seconds
      

12496  run;
12497  data EMWS1.Reg2_EMINFO;
12498  set EMWS1.Reg2_EMINFO WORK.MODELTEMP_INFO;
12499  run;

NOTE: There were 3 observations read from the data set EMWS1.REG2_EMINFO.
NOTE: There were 0 observations read from the data set WORK.MODELTEMP_INFO.
NOTE: The data set EMWS1.REG2_EMINFO has 3 observations and 3 variables.
NOTE: DATA statement used (Total process time):
      real time           0.01 seconds
      cpu time            0.01 seconds
      

12500  proc sort data = EMWS1.Reg2_EMINFO NOTHREADS;
12501  by TARGET KEY;
12502  run;

NOTE: There were 3 observations read from the data set EMWS1.REG2_EMINFO.
NOTE: The data set EMWS1.REG2_EMINFO has 3 observations and 3 variables.
NOTE: PROCEDURE SORT used (Total process time):
      real time           0.01 seconds
      cpu time            0.01 seconds
      

NOTE: View EMWS1.REG2_TRAIN.VIEW used (Total process time):
      real time           0.23 seconds
      cpu time            0.23 seconds
      
NOTE: View EMWS1.REG2_VALIDATE.VIEW used (Total process time):
      real time           0.27 seconds
      cpu time            0.25 seconds
      
