*------------------------------------------------------------*
* Score Log
Date:                December 22, 2019
Time:                16:26:12
*------------------------------------------------------------*
NOTE: View EMWS1.REG2_TRAIN.VIEW used (Total process time):
      real time           0.25 seconds
      cpu time            0.21 seconds
      
NOTE: View EMWS1.REG2_TRAIN.VIEW used (Total process time):
      real time           0.53 seconds
      cpu time            0.48 seconds
      
11667  /* Generate assessment metadata, which will be used to generate assessment data step */
11668  /* code, such as retrieving names of temporary variables and summary variables,      */
11669  /* labels, etc.  It is used in almost all the assessment computations such as lift,  */
11670  /* roc, index, scoreDist and could be thought as a global variable in assessment     */
11671  /* computation.                                                                      */
11672  data work.ASSESS_01ZIVJM_assessMeta__qvJez;
11673  length VARIABLE $32 FORMAT $44 TYPE $32 PARENT $32 LEVEL $32 PROPERTY $32 MEASUREMENT
11673! $10 LAST_LEVEL $32 GEN_VAR_IN_TEMP_DATA $32 RESULT_MEAN $32 RESULT_MEAN_LABEL $100
11673! RESULT_MIN $32 RESULT_MIN_LABEL $100 MIN_ADJUSTED $32 RESULT_MAX $32 RESULT_MAX_LABEL
11674     $100 MAX_ADJUSTED $32 RESULT_COUNT $32 RESULT_COUNT_LABEL $100 TEMPORARY_VARIABLE $32
11674! ;
11675  VARIABLE = "audience_score_positive";
11676  PARENT = "";
11677  FORMAT = "";
11678  TYPE = "";
11679  LEVEL = '';
11680  PROPERTY = "TARGET";
11681  MEASUREMENT = "BINARY";
11682  LAST_LEVEL = '';
11683  GEN_VAR_IN_TEMP_DATA = "audience_score_positive";
11684  RESULT_MEAN = "";
11685  RESULT_MEAN_LABEL = "";
11686  RESULT_MIN = "";
11687  RESULT_MIN_LABEL = "";
11688  MIN_ADJUSTED = "";
11689  RESULT_MAX = "";
11690  RESULT_MAX_LABEL = "";
11691  MAX_ADJUSTED = "";
11692  RESULT_COUNT = "";
11693  RESULT_COUNT_LABEL = "";
11694  TEMPORARY_VARIABLE = "audience_score_p_dlBpDABvw0UvT42";
11695  output;
11696  VARIABLE = "F_audience_score_positive_TRUE";
11697  FORMAT = "";
11698  TYPE = "";
11699  PARENT = "F_audience_score_positive";
11700  LEVEL = "TRUE";
11701  PROPERTY = "TARGET_LEVEL";
11702  MEASUREMENT = "INTERVAL";
11703  LAST_LEVEL = "FALSE";
11704  GEN_VAR_IN_TEMP_DATA = "F_audience_score_BVooE8A3WA5gYRT";
11705  RESULT_MEAN = "F_audience_mean_mb4ls8SrfRzaeZ3";
11706  /* adjust for tied cases */
11707  RESULT_MEAN_LABEL = "";
11708  RESULT_MIN = "";
11709  RESULT_MIN_LABEL = "";
11710  RESULT_MAX = "";
11711  RESULT_MAX_LABEL = "";
11712  RESULT_COUNT = "NumberOfEvents";
11713  RESULT_COUNT_LABEL = "%sysfunc(sasmsg(sashelp.dmine, assmt_NumEvent_vlabel, NOQUOTE))";
11714  TEMPORARY_VARIABLE = "F_audience_score_HU7PiGe81hz1LDO";
11715  output;
11716  VARIABLE = "F_audience_score_positive_FALSE";
11717  FORMAT = "";
11718  TYPE = "";
11719  PARENT = "F_audience_score_positive";
11720  LEVEL = "FALSE";
11721  PROPERTY = "TARGET_LEVEL";
11722  MEASUREMENT = "INTERVAL";
11723  LAST_LEVEL = "FALSE";
11724  GEN_VAR_IN_TEMP_DATA = "F_audience_score_6ues1L4F1_HvhzG";
11725  RESULT_MEAN = "F_audience_mean_YfyA3jBp2ldBsrD";
11726  /* adjust for tied cases */
11727  RESULT_MEAN_LABEL = "";
11728  RESULT_MIN = "";
11729  RESULT_MIN_LABEL = "";
11730  RESULT_MAX = "";
11731  RESULT_MAX_LABEL = "";
11732  RESULT_COUNT = "NumberOfEvents";
11733  RESULT_COUNT_LABEL = "%sysfunc(sasmsg(sashelp.dmine, assmt_NumEvent_vlabel, NOQUOTE))";
11734  TEMPORARY_VARIABLE = "F_audience_score_L1sHGC5rCiPn5Xp";
11735  output;
11736  VARIABLE = "P_audience_score_positiveTrue";
11737  FORMAT = "";
11738  TYPE = "";
11739  PARENT = "";
11740  LEVEL = "TRUE";
11741  PROPERTY = "POSTERIOR_LEVEL";
11742  MEASUREMENT = "INTERVAL";
11743  LAST_LEVEL = "";
11744  GEN_VAR_IN_TEMP_DATA = "P_audience_score_positiveTrue";
11745  RESULT_MEAN = "_meanP_";
11746  RESULT_MEAN_LABEL = "%sysfunc(sasmsg(sashelp.dmine, assmt_probMean_vlabel, NOQUOTE))";
11747  RESULT_MIN = "_minP_";
11748  RESULT_MIN_LABEL = "%sysfunc(sasmsg(sashelp.dmine, assmt_probMin_vlabel, NOQUOTE))";
11749  MIN_ADJUSTED = "P_audien_minAdjusted_YFX0CGStR";
11750  RESULT_MAX = "_maxP_";
11751  RESULT_MAX_LABEL = "%sysfunc(sasmsg(sashelp.dmine, assmt_probMax_vlabel, NOQUOTE))";
11752  MAX_ADJUSTED = "P_audien_maxAdjusted_wWea76cCv";
11753  RESULT_COUNT = "";
11754  RESULT_COUNT_LABEL = "";
11755  TEMPORARY_VARIABLE = "P_audience_score_HX4t9RvFVxP8T4j";
11756  output;
11757  VARIABLE = "P_audience_score_positiveFalse";
11758  FORMAT = "";
11759  TYPE = "";
11760  PARENT = "";
11761  LEVEL = "FALSE";
11762  PROPERTY = "POSTERIOR_LEVEL";
11763  MEASUREMENT = "INTERVAL";
11764  LAST_LEVEL = "";
11765  GEN_VAR_IN_TEMP_DATA = "P_audience_score_positiveFalse";
11766  RESULT_MEAN = "_meanP_";
11767  RESULT_MEAN_LABEL = "%sysfunc(sasmsg(sashelp.dmine, assmt_probMean_vlabel, NOQUOTE))";
11768  RESULT_MIN = "_minP_";
11769  RESULT_MIN_LABEL = "%sysfunc(sasmsg(sashelp.dmine, assmt_probMin_vlabel, NOQUOTE))";
11770  MIN_ADJUSTED = "P_audien_minAdjusted_eN0Ggmvd1";
11771  RESULT_MAX = "_maxP_";
11772  RESULT_MAX_LABEL = "%sysfunc(sasmsg(sashelp.dmine, assmt_probMax_vlabel, NOQUOTE))";
11773  MAX_ADJUSTED = "P_audien_maxAdjusted_gXQm5d02e";
11774  RESULT_COUNT = "";
11775  RESULT_COUNT_LABEL = "";
11776  TEMPORARY_VARIABLE = "P_audience_score_Y93BDhOtCWJCovC";
11777  output;
11778  run;

NOTE: The data set WORK.ASSESS_01ZIVJM_ASSESSMETA__QVJEZ has 5 observations and 20 variables.
NOTE: DATA statement used (Total process time):
      real time           0.03 seconds
      cpu time            0.01 seconds
      

11779  /* Generate temporary dataset and obtain summary statistics such as total number of   */
11780  /* obserations, frequency of target.  However, summary statistics for class reporting */
11781  /* variabels are not computed here since if there exist class reporting variables,    */
11782  /* then PROC DMDB will be called. And there is no need to compute interval reporting  */
11783  /* summary statisitcs, if any.                                                        */
11784  data work.ASSESS_01ZIVJM_normSD_7AOYIP(drop=
11785  _numberOfObservation_
11786  _levelFrequency_1
11787  _levelFrequency_2
11788  )
11789  work.ASSESS_01ZIVJM_meansAndTi_nJUqvl (keep=
11790  _numberOfObservation_
11791  _levelFrequency_1
11792  _levelFrequency_2
11793  );
11794  set EMWS1.Reg2_TRAIN(
11795  where=(
11796  (audience_score_positive ^= ' ')
11797  )
11798  ) end=_lastObservation_;
11799  keep frequency_pitcT5;
11800  frequency_pitcT5 = 1;
11801  keep I_audience_score_positive F_audience_score_positive;
11802  keep F_audience_score_BVooE8A3WA5gYRT;
11803  if (F_audience_score_positive = 'TRUE') then do;
11804  F_audience_score_BVooE8A3WA5gYRT = 1;
11805  end;
11806  else do;
11807  F_audience_score_BVooE8A3WA5gYRT = 0;
11808  end;
11809  keep F_audience_score_6ues1L4F1_HvhzG;
11810  if (F_audience_score_positive = 'FALSE') then do;
11811  F_audience_score_6ues1L4F1_HvhzG = 1;
11812  end;
11813  else do;
11814  F_audience_score_6ues1L4F1_HvhzG = 0;
11815  end;
11816  keep P_audience_score_positiveTrue;
11817  keep P_audience_score_positiveFalse;
11818  output work.ASSESS_01ZIVJM_normSD_7AOYIP;
11819  keep _numberOfObservation_;
11820  retain _numberOfObservation_ 0;
11821  _numberOfObservation_ + frequency_pitcT5;
11822  keep _levelFrequency_1;
11823  retain _levelFrequency_1 0;
11824  if (F_audience_score_positive = 'TRUE') then do;
11825  _levelFrequency_1 + frequency_pitcT5;
11826  end;
11827  keep _levelFrequency_2;
11828  retain _levelFrequency_2 0;
11829  if (F_audience_score_positive = 'FALSE') then do;
11830  _levelFrequency_2 + frequency_pitcT5;
11831  end;
11832  if _lastObservation_ then do;
11833  output work.ASSESS_01ZIVJM_meansAndTi_nJUqvl;
11834  end;
11835  run;

NOTE: Variable _WARN_ is uninitialized.
NOTE: There were 2438 observations read from the data set EMWS1.PART_TRAIN.
NOTE: There were 2438 observations read from the data set EMWS1.GRFEXPL_TRAIN.
NOTE: There were 2438 observations read from the data set EMWS1.IMPT_TRAIN.
NOTE: View EMWS1.REG2_TRAIN.VIEW used (Total process time):
      real time           0.34 seconds
      cpu time            0.31 seconds
      
NOTE: There were 2438 observations read from the data set EMWS1.DROP_TRAIN.
NOTE: There were 2438 observations read from the data set EMWS1.REG2_TRAIN.
      WHERE audience_score_positive not = ' ';
NOTE: The data set WORK.ASSESS_01ZIVJM_NORMSD_7AOYIP has 2438 observations and 7 variables.
NOTE: The data set WORK.ASSESS_01ZIVJM_MEANSANDTI_NJUQVL has 1 observations and 3 variables.
NOTE: DATA statement used (Total process time):
      real time           0.40 seconds
      cpu time            0.34 seconds
      

11836  data WORK._EMRANK;
11837  set EMWS1.MdlComp3_EMRANK;
11838  where MODEL = "Reg2" and TARGET = "audience_score_positive" and dataRole="TRAIN";
11839  run;

NOTE: There were 20 observations read from the data set EMWS1.MDLCOMP3_EMRANK.
      WHERE (MODEL='Reg2') and (TARGET='audience_score_positive') and (dataRole='TRAIN');
NOTE: The data set WORK._EMRANK has 20 observations and 38 variables.
NOTE: DATA statement used (Total process time):
      real time           0.01 seconds
      cpu time            0.01 seconds
      

11840  data work._augment;
11841  do BIN= 1 to 20;
11842  DECILE = BIN*5;
11843  output;
11844  end;
11845  run;

NOTE: The data set WORK._AUGMENT has 20 observations and 2 variables.
NOTE: DATA statement used (Total process time):
      real time           0.01 seconds
      cpu time            0.00 seconds
      

11846  data WORK._EMRANK;
11847  merge WORK._AUGMENT WORK._EMRANK;
11848  by BIN;
11849  run;

NOTE: There were 20 observations read from the data set WORK._AUGMENT.
NOTE: There were 20 observations read from the data set WORK._EMRANK.
NOTE: The data set WORK._EMRANK has 20 observations and 38 variables.
NOTE: DATA statement used (Total process time):
      real time           0.01 seconds
      cpu time            0.01 seconds
      

11850  data WORK._EMRANK;
11851  set WORK._EMRANK end=_lastObservation_;
11852  retain _previousMinP_ _previousMaxP_;
11853  retain _group_ 1;
11854  keep event;
11855  keep bin _cutoff_ _group_;
11856  if (bin > 1) then do;
11857  bin = bin - 1;
11858  _cutoff_ = (_maxP_ + _previousMinP_) / 2;
11859  if (abs(_previousMaxP_ - _previousMinP_) < 1E-6) then do;
11860  /* tied */
11861  _cutoff_ = max((_minP_ + _maxP_)/2, min(_cutoff_, _previousMinP_/*-1E-6*/
11862  ));
11863  end;
11864  else if (abs(_maxP_ - _minP_) < 1E-6) then do;
11865  /* next tied */
11866  _cutoff_ = min((_previousMinP_ + _previousMaxP_)/2, max(_cutoff_, _maxP_/*+ 1E-6*/
11867  ));
11868  end;
11869  output;
11870  *if ( abs((_maxP_ +_minP_)/2 - (_previousMaxP_ + _previousMinP_)/2) > 1E-6) then do;
11871  * _group_ + 1;
11872  *end;
11873  if (_maxP_ le _previousMinP_ - 1E-6) then do;
11874  _group_ + 1;
11875  end;
11876  else if (abs(_maxP_ - _previousMinP_) < 1E-6) then do;
11877  if (abs(_maxP_ - _minP_) > 1E-6) then do;
11878  _group_ + 1;
11879  end;
11880  end;
11881  bin + 1;
11882  /* correct the previous change */
11883  end;
11884  if (_lastObservation_) then do;
11885  _cutoff_ = .;
11886  output;
11887  end;
11888  _previousMinP_ = _minP_;
11889  _previousMaxP_ = _maxP_;
11890  run;

NOTE: There were 20 observations read from the data set WORK._EMRANK.
NOTE: The data set WORK._EMRANK has 20 observations and 4 variables.
NOTE: DATA statement used (Total process time):
      real time           0.02 seconds
      cpu time            0.01 seconds
      

11891  data WORK._EMRANK;
11892  set WORK._EMRANK;
11893  by _group_;
11894  retain _start_;
11895  if (first._group_) then do;
11896  _start_ = _n_;
11897  end;
11898  if (last._group_) then do;
11899  _end_ = _n_;
11900  output;
11901  end;
11902  run;

NOTE: There were 20 observations read from the data set WORK._EMRANK.
NOTE: The data set WORK._EMRANK has 20 observations and 6 variables.
NOTE: DATA statement used (Total process time):
      real time           0.01 seconds
      cpu time            0.01 seconds
      

NOTE: This SAS session is using a registry in WORK.  All changes will be lost at the end of 
      this session.
11903  filename emflow
11903! "C:\Users\yinyen\Desktop\DataMiningProject3\SASEM_Project\Workspaces\EMWS1\MdlComp3\EMFL
11903! OWSCORE.sas";
11904  *------------------------------------------------------------*;
11905  * MdlComp3: Scoring REG2_TRAIN data;
11906  *------------------------------------------------------------*;
11907  data EMWS1.MdlComp3_TRAIN
11908  / view=EMWS1.MdlComp3_TRAIN
11909  ;
11910  set EMWS1.Reg2_TRAIN
11911  ;
11912  %inc emflow;
11992  run;

NOTE: DATA STEP view saved on file EMWS1.MDLCOMP3_TRAIN.
NOTE: A stored DATA STEP view cannot run under a different operating system.
NOTE: View EMWS1.REG2_TRAIN.VIEW used (Total process time):
      real time           0.25 seconds
      cpu time            0.21 seconds
      
NOTE: DATA statement used (Total process time):
      real time           0.28 seconds
      cpu time            0.24 seconds
      

11993  quit;
11994  filename emflow;
NOTE: Fileref EMFLOW has been deassigned.

11995  filename emflow
11995! "C:\Users\yinyen\Desktop\DataMiningProject3\SASEM_Project\Workspaces\EMWS1\MdlComp3\EMFL
11995! OWSCORE.sas";
11996  *------------------------------------------------------------*;
11997  * MdlComp3: Scoring REG2_VALIDATE data;
11998  *------------------------------------------------------------*;
11999  data EMWS1.MdlComp3_VALIDATE
12000  / view=EMWS1.MdlComp3_VALIDATE
12001  ;
12002  set EMWS1.Reg2_VALIDATE
12003  ;
12004  %inc emflow;
12084  run;

NOTE: DATA STEP view saved on file EMWS1.MDLCOMP3_VALIDATE.
NOTE: A stored DATA STEP view cannot run under a different operating system.
NOTE: View EMWS1.REG2_VALIDATE.VIEW used (Total process time):
      real time           0.25 seconds
      cpu time            0.21 seconds
      
NOTE: DATA statement used (Total process time):
      real time           0.28 seconds
      cpu time            0.25 seconds
      

12085  quit;
12086  filename emflow;
NOTE: Fileref EMFLOW has been deassigned.

12087  *------------------------------------------------------------*;
12088  * MdlComp3: Computing metadata for TRAIN data;
12089  *------------------------------------------------------------*;

NOTE: View EMWS1.MDLCOMP3_TRAIN.VIEW used (Total process time):
      real time           0.29 seconds
      cpu time            0.25 seconds
      
NOTE: View EMWS1.MDLCOMP3_TRAIN.VIEW used (Total process time):
      real time           0.30 seconds
      cpu time            0.28 seconds
      
NOTE: View EMWS1.MDLCOMP3_VALIDATE.VIEW used (Total process time):
      real time           0.31 seconds
      cpu time            0.29 seconds
      
