*------------------------------------------------------------*
* Training Log
Date:                December 22, 2019
Time:                16:26:02
*------------------------------------------------------------*
10865  data work.MdlComp3;
10866  set EMWS1.em_nodeid;
10867  where
10868  (NODEID="Reg2" and LABEL ne 'Regression (2)')
10869  OR (NODEID="Tree" and LABEL ne 'Decision Tree')
10870  ;
10871  run;

NOTE: There were 0 observations read from the data set EMWS1.EM_NODEID.
      WHERE ((NODEID='Reg2') and (LABEL not = 'Regression (2)')) or ((NODEID='Tree') and (LABEL not = 'Decision Tree'));
NOTE: The data set WORK.MDLCOMP3 has 0 observations and 8 variables.
NOTE: DATA statement used (Total process time):
      real time           0.01 seconds
      cpu time            0.00 seconds
      

10873  proc freq data=EMWS1.MdlComp3_VariableSet noprint;
10874  table ROLE*LEVEL/out=WORK.MdlComp3META;
10875  run;

NOTE: There were 1 observations read from the data set EMWS1.MDLCOMP3_VARIABLESET.
NOTE: The data set WORK.MDLCOMP3META has 1 observations and 4 variables.
NOTE: PROCEDURE FREQ used (Total process time):
      real time           0.09 seconds
      cpu time            0.04 seconds
      

10876  proc print data=WORK.MdlComp3META label noobs;
10877  var ROLE LEVEL COUNT;
10878  label ROLE = "%sysfunc(sasmsg(sashelp.dmine, meta_role_vlabel, NOQUOTE))" LEVEL = "%sysfunc(sasmsg(sashelp.dmine, meta_level_vlabel, NOQUOTE))" COUNT = "%sysfunc(sasmsg(sashelp.dmine, rpt_count_vlabel, NOQUOTE))";
10879  title9 ' ';
10880  title10 "%sysfunc(sasmsg(sashelp.dmine, rpt_varSummary_title  , NOQUOTE))";
10881  run;

NOTE: There were 1 observations read from the data set WORK.MDLCOMP3META.
NOTE: The PROCEDURE PRINT printed page 1.
NOTE: PROCEDURE PRINT used (Total process time):
      real time           0.01 seconds
      cpu time            0.01 seconds
      

10882  title10;

10883  %let _hpflow = 0;
10884  data _null_;
10885  set EMWS1.Tree_EMINFO;
10886  where key="HPDMSAMPLE";
10887  call symput('_hpflow', '1');
10888  run;

NOTE: There were 0 observations read from the data set EMWS1.TREE_EMINFO.
      WHERE key='HPDMSAMPLE';
NOTE: DATA statement used (Total process time):
      real time           0.00 seconds
      cpu time            0.00 seconds
      

10889  %let _hpflow = 0;
10890  data _null_;
10891  set EMWS1.Reg2_EMINFO;
10892  where key="HPDMSAMPLE";
10893  call symput('_hpflow', '1');
10894  run;

NOTE: There were 0 observations read from the data set EMWS1.REG2_EMINFO.
      WHERE key='HPDMSAMPLE';
NOTE: DATA statement used (Total process time):
      real time           0.00 seconds
      cpu time            0.01 seconds
      

10895  data _null_;
10896  set EMWS1.em_nodeid;
10897  where upcase(NODEID) = upcase("Tree");
10898  call symput('_MODELDESC', strip(tranwrd(LABEL, '"', '""')));
10899  run;

NOTE: There were 1 observations read from the data set EMWS1.EM_NODEID.
      WHERE UPCASE(NODEID)='TREE';
NOTE: DATA statement used (Total process time):
      real time           0.01 seconds
      cpu time            0.00 seconds
      

10900  data EMWS1.MdlComp3_EMRANK;
10901  length PARENT $16 MODEL $16 MODELDESCRIPTION $81 DATAROLE $20 TARGET $32 TARGETLABEL $200;
10902  label PARENT = "%sysfunc(sasmsg(sashelp.dmine, rpt_parent_vlabel  ,  NOQUOTE))" MODEL = "%sysfunc(sasmsg(sashelp.dmine, rpt_modelnode_vlabel, NOQUOTE))" MODELDESCRIPTION = "%sysfunc(sasmsg(sashelp.dmine, rpt_modeldesc_vlabel, NOQUOTE))" TARGETLABEL
10902! =
10903     "%sysfunc(sasmsg(sashelp.dmine, meta_targetlabel_vlabel, NOQUOTE))";
10904  retain parent "Tree" MODEL "Tree" MODELDESCRIPTION "Decision Tree" TARGETLABEL "";
10905  set EMWS1.Tree_EMRANK;
10906  where upcase(TARGET) = upcase("audience_score_positive");
10907  run;

NOTE: There were 40 observations read from the data set EMWS1.TREE_EMRANK.
      WHERE UPCASE(TARGET)='AUDIENCE_SCORE_POSITIVE';
NOTE: The data set EMWS1.MDLCOMP3_EMRANK has 40 observations and 38 variables.
NOTE: DATA statement used (Total process time):
      real time           0.02 seconds
      cpu time            0.01 seconds
      

10908  data _null_;
10909  set EMWS1.em_nodeid;
10910  where upcase(NODEID) = upcase("Tree");
10911  call symput('_MODELDESC', strip(tranwrd(LABEL, '"', '""')));
10912  run;

NOTE: There were 1 observations read from the data set EMWS1.EM_NODEID.
      WHERE UPCASE(NODEID)='TREE';
NOTE: DATA statement used (Total process time):
      real time           0.00 seconds
      cpu time            0.01 seconds
      

10913  data EMWS1.MdlComp3_EMSCOREDIST;
10914  length PARENT $16 MODEL $16 MODELDESCRIPTION $81 DATAROLE $20 TARGET $32 TARGETLABEL $200;
10915  label PARENT = "%sysfunc(sasmsg(sashelp.dmine, rpt_parent_vlabel  ,  NOQUOTE))" MODEL = "%sysfunc(sasmsg(sashelp.dmine, rpt_modelnode_vlabel, NOQUOTE))" MODELDESCRIPTION = "%sysfunc(sasmsg(sashelp.dmine, rpt_modeldesc_vlabel, NOQUOTE))" TARGETLABEL
10915! =
10916     "%sysfunc(sasmsg(sashelp.dmine, meta_targetlabel_vlabel, NOQUOTE))";
10917  retain parent "Tree" MODEL "Tree" MODELDESCRIPTION "Decision Tree" TARGETLABEL "";
10918  set EMWS1.Tree_EMSCOREDIST;
10919  where upcase(TARGET) = upcase("audience_score_positive");
10920  run;

NOTE: There were 12 observations read from the data set EMWS1.TREE_EMSCOREDIST.
      WHERE UPCASE(TARGET)='AUDIENCE_SCORE_POSITIVE';
NOTE: The data set EMWS1.MDLCOMP3_EMSCOREDIST has 12 observations and 24 variables.
NOTE: DATA statement used (Total process time):
      real time           0.03 seconds
      cpu time            0.03 seconds
      

Executing  SASHELP.EMCORE.EMINFOITERATOR.SCL _INIT >> 
Executing  SASHELP.EMCORE.EMINFOITERATOR.SCL SETMETADATA >> 
NOTE: There were 1 observations read from the data set EMWS1.TREE_EMINFO.
      WHERE (TARGET='audience_score_positive') and (KEY='DECMETA');
NOTE: The data set WORK.EMINFO436JD1IA has 1 observations and 3 variables.
Executing  SASHELP.EMCORE.EMINFOITERATOR.SCL next >> 
Executing  SASHELP.EMCORE.EMINFOITERATOR.SCL next >> 
Executing  SASHELP.EMCORE.EMINFOITERATOR.SCL SETMETADATA >> 
NOTE: There were 1 observations read from the data set EMWS1.TREE_EMINFO.
      WHERE (TARGET='audience_score_positive') and (KEY='DECDATA');
NOTE: The data set WORK.EMINFO436JD1IA has 1 observations and 3 variables.
Executing  SASHELP.EMCORE.EMINFOITERATOR.SCL next >> 
Executing  SASHELP.EMCORE.EMINFOITERATOR.SCL next >> 
Executing  SASHELP.EMCORE.EMINFOITERATOR.SCL _term >> 
10921  data WORK.Tree_OUTFIT;
10922  set EMWS1.Tree_EMOUTFIT;
10923  run;

NOTE: There were 1 observations read from the data set EMWS1.TREE_EMOUTFIT.
NOTE: The data set WORK.TREE_OUTFIT has 1 observations and 17 variables.
NOTE: DATA statement used (Total process time):
      real time           0.02 seconds
      cpu time            0.01 seconds
      

10924  data _null_;
10925  set EMWS1.em_nodeid;
10926  where upcase(NODEID) = upcase("Tree");
10927  call symput('_MODELDESC', strip(tranwrd(LABEL, '"', '""')));
10928  run;

NOTE: There were 1 observations read from the data set EMWS1.EM_NODEID.
      WHERE UPCASE(NODEID)='TREE';
NOTE: DATA statement used (Total process time):
      real time           0.01 seconds
      cpu time            0.00 seconds
      

10929  data EMWS1.MdlComp3_EMOUTFIT;
10930  length PARENT $16 MODEL $16 MODELDESCRIPTION $81 TARGET $32 TARGETLABEL $200;
10931  label PARENT = "%sysfunc(sasmsg(sashelp.dmine, rpt_parent_vlabel  ,  NOQUOTE))" MODEL = "%sysfunc(sasmsg(sashelp.dmine, rpt_modelnode_vlabel, NOQUOTE))" MODELDESCRIPTION = "%sysfunc(sasmsg(sashelp.dmine, rpt_modeldesc_vlabel, NOQUOTE))" TARGETLABEL
10931! =
10932     "%sysfunc(sasmsg(sashelp.dmine, meta_targetlabel_vlabel, NOQUOTE))";
10933  retain parent "Tree" MODEL "Tree" MODELDESCRIPTION "Decision Tree" TARGETLABEL "";
10934  set WORK.Tree_OUTFIT;
10935  where upcase(TARGET) = upcase("audience_score_positive");
10936  run;

NOTE: There were 1 observations read from the data set WORK.TREE_OUTFIT.
      WHERE UPCASE(TARGET)='AUDIENCE_SCORE_POSITIVE';
NOTE: The data set EMWS1.MDLCOMP3_EMOUTFIT has 1 observations and 20 variables.
NOTE: DATA statement used (Total process time):
      real time           0.02 seconds
      cpu time            0.01 seconds
      

10937  data _null_;
10938  set EMWS1.em_nodeid;
10939  where upcase(NODEID) = upcase("Tree");
10940  call symput('_MODELDESC', strip(tranwrd(LABEL, '"', '""')));
10941  run;

NOTE: There were 1 observations read from the data set EMWS1.EM_NODEID.
      WHERE UPCASE(NODEID)='TREE';
NOTE: DATA statement used (Total process time):
      real time           0.01 seconds
      cpu time            0.01 seconds
      

10942  data EMWS1.MdlComp3_EMCLASSIFICATION;
10943  length PARENT $16 MODEL $16 MODELDESCRIPTION $81 DATAROLE $20 TARGET $32 TARGETLABEL $200;
10944  label PARENT = "%sysfunc(sasmsg(sashelp.dmine, rpt_parent_vlabel  ,  NOQUOTE))" MODEL = "%sysfunc(sasmsg(sashelp.dmine, rpt_modelnode_vlabel, NOQUOTE))" MODELDESCRIPTION = "%sysfunc(sasmsg(sashelp.dmine, rpt_modeldesc_vlabel, NOQUOTE))" TARGETLABEL
10944! =
10945     "%sysfunc(sasmsg(sashelp.dmine, meta_targetlabel_vlabel, NOQUOTE))";
10946  retain parent "Tree" MODEL "Tree" MODELDESCRIPTION "Decision Tree" TARGETLABEL "";
10947  set EMWS1.Tree_EMCLASSIFICATION;
10948  where upcase(TARGET) = upcase("audience_score_positive");
10949  run;

NOTE: There were 8 observations read from the data set EMWS1.TREE_EMCLASSIFICATION.
      WHERE UPCASE(TARGET)='AUDIENCE_SCORE_POSITIVE';
NOTE: The data set EMWS1.MDLCOMP3_EMCLASSIFICATION has 8 observations and 15 variables.
NOTE: DATA statement used (Total process time):
      real time           0.04 seconds
      cpu time            0.01 seconds
      

10950  data _null_;
10951  set EMWS1.em_nodeid;
10952  where upcase(NODEID) = upcase("Tree");
10953  call symput('_MODELDESC', strip(tranwrd(LABEL, '"', '""')));
10954  run;

NOTE: There were 1 observations read from the data set EMWS1.EM_NODEID.
      WHERE UPCASE(NODEID)='TREE';
NOTE: DATA statement used (Total process time):
      real time           0.00 seconds
      cpu time            0.01 seconds
      

10955  data EMWS1.MdlComp3_EMEVENTREPORT;
10956  length PARENT $16 MODEL $16 MODELDESCRIPTION $81 DATAROLE $20 TARGET $32 TARGETLABEL $200;
10957  label PARENT = "%sysfunc(sasmsg(sashelp.dmine, rpt_parent_vlabel  ,  NOQUOTE))" MODEL = "%sysfunc(sasmsg(sashelp.dmine, rpt_modelnode_vlabel, NOQUOTE))" MODELDESCRIPTION = "%sysfunc(sasmsg(sashelp.dmine, rpt_modeldesc_vlabel, NOQUOTE))" TARGETLABEL
10957! =
10958     "%sysfunc(sasmsg(sashelp.dmine, meta_targetlabel_vlabel, NOQUOTE))";
10959  retain parent "Tree" MODEL "Tree" MODELDESCRIPTION "Decision Tree" TARGETLABEL "";
10960  set EMWS1.Tree_EMEVENTREPORT;
10961  where upcase(TARGET) = upcase("audience_score_positive");
10962  run;

NOTE: There were 2 observations read from the data set EMWS1.TREE_EMEVENTREPORT.
      WHERE UPCASE(TARGET)='AUDIENCE_SCORE_POSITIVE';
NOTE: The data set EMWS1.MDLCOMP3_EMEVENTREPORT has 2 observations and 10 variables.
NOTE: DATA statement used (Total process time):
      real time           0.04 seconds
      cpu time            0.04 seconds
      

10963  data _null_;
10964  set EMWS1.em_nodeid;
10965  where upcase(NODEID) = upcase("Reg2");
10966  call symput('_MODELDESC', strip(tranwrd(LABEL, '"', '""')));
10967  run;

NOTE: There were 1 observations read from the data set EMWS1.EM_NODEID.
      WHERE UPCASE(NODEID)='REG2';
NOTE: DATA statement used (Total process time):
      real time           0.00 seconds
      cpu time            0.00 seconds
      

10968  data work.MdlComp3_TEMP;
10969  length PARENT $16 MODEL $16 MODELDESCRIPTION $81 DATAROLE $20 TARGET $32 TARGETLABEL $200;
10970  label PARENT = "%sysfunc(sasmsg(sashelp.dmine, rpt_parent_vlabel  ,  NOQUOTE))" MODEL = "%sysfunc(sasmsg(sashelp.dmine, rpt_modelnode_vlabel, NOQUOTE))" MODELDESCRIPTION = "%sysfunc(sasmsg(sashelp.dmine, rpt_modeldesc_vlabel, NOQUOTE))" TARGET =
10971     "%sysfunc(sasmsg(sashelp.dmine, rpt_targetvar_vlabel, NOQUOTE))" TARGETLABEL = "%sysfunc(sasmsg(sashelp.dmine, meta_targetlabel_vlabel, NOQUOTE))";
10972  retain parent "Reg2" MODEL "Reg2" MODELDESCRIPTION "Regression (2)" TARGETLABEL "";
10973  set EMWS1.Reg2_EMRANK;
10974  where upcase(TARGET) = upcase("audience_score_positive");
10975  run;

NOTE: There were 40 observations read from the data set EMWS1.REG2_EMRANK.
      WHERE UPCASE(TARGET)='AUDIENCE_SCORE_POSITIVE';
NOTE: The data set WORK.MDLCOMP3_TEMP has 40 observations and 38 variables.
NOTE: DATA statement used (Total process time):
      real time           0.03 seconds
      cpu time            0.03 seconds
      

10976  data EMWS1.MdlComp3_EMRANK;
10977  set EMWS1.MdlComp3_EMRANK work.MdlComp3_TEMP;
10978  run;

NOTE: There were 40 observations read from the data set EMWS1.MDLCOMP3_EMRANK.
NOTE: There were 40 observations read from the data set WORK.MDLCOMP3_TEMP.
NOTE: The data set EMWS1.MDLCOMP3_EMRANK has 80 observations and 38 variables.
NOTE: DATA statement used (Total process time):
      real time           0.02 seconds
      cpu time            0.01 seconds
      

10979  data _null_;
10980  set EMWS1.em_nodeid;
10981  where upcase(NODEID) = upcase("Reg2");
10982  call symput('_MODELDESC', strip(tranwrd(LABEL, '"', '""')));
10983  run;

NOTE: There were 1 observations read from the data set EMWS1.EM_NODEID.
      WHERE UPCASE(NODEID)='REG2';
NOTE: DATA statement used (Total process time):
      real time           0.01 seconds
      cpu time            0.00 seconds
      

10984  data work.MdlComp3_TEMP;
10985  length PARENT $16 MODEL $16 MODELDESCRIPTION $81 DATAROLE $20 TARGET $32 TARGETLABEL $200;
10986  label PARENT = "%sysfunc(sasmsg(sashelp.dmine, rpt_parent_vlabel  ,  NOQUOTE))" MODEL = "%sysfunc(sasmsg(sashelp.dmine, rpt_modelnode_vlabel, NOQUOTE))" MODELDESCRIPTION = "%sysfunc(sasmsg(sashelp.dmine, rpt_modeldesc_vlabel, NOQUOTE))" TARGET =
10987     "%sysfunc(sasmsg(sashelp.dmine, rpt_targetvar_vlabel, NOQUOTE))" TARGETLABEL = "%sysfunc(sasmsg(sashelp.dmine, meta_targetlabel_vlabel, NOQUOTE))";
10988  retain parent "Reg2" MODEL "Reg2" MODELDESCRIPTION "Regression (2)" TARGETLABEL "";
10989  set EMWS1.Reg2_EMSCOREDIST;
10990  where upcase(TARGET) = upcase("audience_score_positive");
10991  run;

NOTE: There were 40 observations read from the data set EMWS1.REG2_EMSCOREDIST.
      WHERE UPCASE(TARGET)='AUDIENCE_SCORE_POSITIVE';
NOTE: The data set WORK.MDLCOMP3_TEMP has 40 observations and 24 variables.
NOTE: DATA statement used (Total process time):
      real time           0.03 seconds
      cpu time            0.01 seconds
      

10992  data EMWS1.MdlComp3_EMSCOREDIST;
10993  set EMWS1.MdlComp3_EMSCOREDIST work.MdlComp3_TEMP;
10994  run;

NOTE: There were 12 observations read from the data set EMWS1.MDLCOMP3_EMSCOREDIST.
NOTE: There were 40 observations read from the data set WORK.MDLCOMP3_TEMP.
NOTE: The data set EMWS1.MDLCOMP3_EMSCOREDIST has 52 observations and 24 variables.
NOTE: DATA statement used (Total process time):
      real time           0.02 seconds
      cpu time            0.01 seconds
      

Executing  SASHELP.EMCORE.EMINFOITERATOR.SCL _INIT >> 
Executing  SASHELP.EMCORE.EMINFOITERATOR.SCL SETMETADATA >> 
NOTE: There were 1 observations read from the data set EMWS1.REG2_EMINFO.
      WHERE (TARGET='audience_score_positive') and (KEY='DECMETA');
NOTE: The data set WORK.EMINFO41SHDCOW has 1 observations and 3 variables.
Executing  SASHELP.EMCORE.EMINFOITERATOR.SCL next >> 
Executing  SASHELP.EMCORE.EMINFOITERATOR.SCL next >> 
Executing  SASHELP.EMCORE.EMINFOITERATOR.SCL SETMETADATA >> 
NOTE: There were 1 observations read from the data set EMWS1.REG2_EMINFO.
      WHERE (TARGET='audience_score_positive') and (KEY='DECDATA');
NOTE: The data set WORK.EMINFO41SHDCOW has 1 observations and 3 variables.
Executing  SASHELP.EMCORE.EMINFOITERATOR.SCL next >> 
Executing  SASHELP.EMCORE.EMINFOITERATOR.SCL next >> 
Executing  SASHELP.EMCORE.EMINFOITERATOR.SCL _term >> 
10995  data WORK.Reg2_OUTFIT;
10996  set EMWS1.Reg2_EMOUTFIT;
10997  run;

NOTE: There were 1 observations read from the data set EMWS1.REG2_EMOUTFIT.
NOTE: The data set WORK.REG2_OUTFIT has 1 observations and 34 variables.
NOTE: DATA statement used (Total process time):
      real time           0.02 seconds
      cpu time            0.01 seconds
      

10998  data _null_;
10999  set EMWS1.em_nodeid;
11000  where upcase(NODEID) = upcase("Reg2");
11001  call symput('_MODELDESC', strip(tranwrd(LABEL, '"', '""')));
11002  run;

NOTE: There were 1 observations read from the data set EMWS1.EM_NODEID.
      WHERE UPCASE(NODEID)='REG2';
NOTE: DATA statement used (Total process time):
      real time           0.00 seconds
      cpu time            0.01 seconds
      

11003  data work.MdlComp3_TEMP;
11004  length PARENT $16 MODEL $16 MODELDESCRIPTION $81 TARGET $32 TARGETLABEL $200;
11005  label PARENT = "%sysfunc(sasmsg(sashelp.dmine, rpt_parent_vlabel  ,  NOQUOTE))" MODEL = "%sysfunc(sasmsg(sashelp.dmine, rpt_modelnode_vlabel, NOQUOTE))" MODELDESCRIPTION = "%sysfunc(sasmsg(sashelp.dmine, rpt_modeldesc_vlabel, NOQUOTE))" TARGET =
11006     "%sysfunc(sasmsg(sashelp.dmine, rpt_targetvar_vlabel, NOQUOTE))" TARGETLABEL = "%sysfunc(sasmsg(sashelp.dmine, meta_targetlabel_vlabel, NOQUOTE))";
11007  retain parent "Reg2" MODEL "Reg2" MODELDESCRIPTION "Regression (2)" TARGETLABEL "";
11008  set WORK.Reg2_OUTFIT;
11009  where upcase(TARGET) = upcase("audience_score_positive");
11010  run;

NOTE: There were 1 observations read from the data set WORK.REG2_OUTFIT.
      WHERE UPCASE(TARGET)='AUDIENCE_SCORE_POSITIVE';
NOTE: The data set WORK.MDLCOMP3_TEMP has 1 observations and 37 variables.
NOTE: DATA statement used (Total process time):
      real time           0.03 seconds
      cpu time            0.01 seconds
      

11011  data EMWS1.MdlComp3_EMOUTFIT;
11012  set EMWS1.MdlComp3_EMOUTFIT work.MdlComp3_TEMP;
11013  run;

NOTE: There were 1 observations read from the data set EMWS1.MDLCOMP3_EMOUTFIT.
NOTE: There were 1 observations read from the data set WORK.MDLCOMP3_TEMP.
NOTE: The data set EMWS1.MDLCOMP3_EMOUTFIT has 2 observations and 37 variables.
NOTE: DATA statement used (Total process time):
      real time           0.02 seconds
      cpu time            0.01 seconds
      

11014  data _null_;
11015  set EMWS1.em_nodeid;
11016  where upcase(NODEID) = upcase("Reg2");
11017  call symput('_MODELDESC', strip(tranwrd(LABEL, '"', '""')));
11018  run;

NOTE: There were 1 observations read from the data set EMWS1.EM_NODEID.
      WHERE UPCASE(NODEID)='REG2';
NOTE: DATA statement used (Total process time):
      real time           0.00 seconds
      cpu time            0.01 seconds
      

11019  data work.MdlComp3_TEMP;
11020  length PARENT $16 MODEL $16 MODELDESCRIPTION $81 DATAROLE $20 TARGET $32 TARGETLABEL $200;
11021  label PARENT = "%sysfunc(sasmsg(sashelp.dmine, rpt_parent_vlabel  ,  NOQUOTE))" MODEL = "%sysfunc(sasmsg(sashelp.dmine, rpt_modelnode_vlabel, NOQUOTE))" MODELDESCRIPTION = "%sysfunc(sasmsg(sashelp.dmine, rpt_modeldesc_vlabel, NOQUOTE))" TARGET =
11022     "%sysfunc(sasmsg(sashelp.dmine, rpt_targetvar_vlabel, NOQUOTE))" TARGETLABEL = "%sysfunc(sasmsg(sashelp.dmine, meta_targetlabel_vlabel, NOQUOTE))";
11023  retain parent "Reg2" MODEL "Reg2" MODELDESCRIPTION "Regression (2)" TARGETLABEL "";
11024  set EMWS1.Reg2_EMCLASSIFICATION;
11025  where upcase(TARGET) = upcase("audience_score_positive");
11026  run;

NOTE: There were 8 observations read from the data set EMWS1.REG2_EMCLASSIFICATION.
      WHERE UPCASE(TARGET)='AUDIENCE_SCORE_POSITIVE';
NOTE: The data set WORK.MDLCOMP3_TEMP has 8 observations and 15 variables.
NOTE: DATA statement used (Total process time):
      real time           0.03 seconds
      cpu time            0.01 seconds
      

11027  data EMWS1.MdlComp3_EMCLASSIFICATION;
11028  set EMWS1.MdlComp3_EMCLASSIFICATION work.MdlComp3_TEMP;
11029  run;

NOTE: There were 8 observations read from the data set EMWS1.MDLCOMP3_EMCLASSIFICATION.
NOTE: There were 8 observations read from the data set WORK.MDLCOMP3_TEMP.
NOTE: The data set EMWS1.MDLCOMP3_EMCLASSIFICATION has 16 observations and 15 variables.
NOTE: DATA statement used (Total process time):
      real time           0.02 seconds
      cpu time            0.01 seconds
      

11030  data _null_;
11031  set EMWS1.em_nodeid;
11032  where upcase(NODEID) = upcase("Reg2");
11033  call symput('_MODELDESC', strip(tranwrd(LABEL, '"', '""')));
11034  run;

NOTE: There were 1 observations read from the data set EMWS1.EM_NODEID.
      WHERE UPCASE(NODEID)='REG2';
NOTE: DATA statement used (Total process time):
      real time           0.00 seconds
      cpu time            0.01 seconds
      

11035  data work.MdlComp3_TEMP;
11036  length PARENT $16 MODEL $16 MODELDESCRIPTION $81 DATAROLE $20 TARGET $32 TARGETLABEL $200;
11037  label PARENT = "%sysfunc(sasmsg(sashelp.dmine, rpt_parent_vlabel  ,  NOQUOTE))" MODEL = "%sysfunc(sasmsg(sashelp.dmine, rpt_modelnode_vlabel, NOQUOTE))" MODELDESCRIPTION = "%sysfunc(sasmsg(sashelp.dmine, rpt_modeldesc_vlabel, NOQUOTE))" TARGET =
11038     "%sysfunc(sasmsg(sashelp.dmine, rpt_targetvar_vlabel, NOQUOTE))" TARGETLABEL = "%sysfunc(sasmsg(sashelp.dmine, meta_targetlabel_vlabel, NOQUOTE))";
11039  retain parent "Reg2" MODEL "Reg2" MODELDESCRIPTION "Regression (2)" TARGETLABEL "";
11040  set EMWS1.Reg2_EMEVENTREPORT;
11041  where upcase(TARGET) = upcase("audience_score_positive");
11042  run;

NOTE: There were 2 observations read from the data set EMWS1.REG2_EMEVENTREPORT.
      WHERE UPCASE(TARGET)='AUDIENCE_SCORE_POSITIVE';
NOTE: The data set WORK.MDLCOMP3_TEMP has 2 observations and 10 variables.
NOTE: DATA statement used (Total process time):
      real time           0.03 seconds
      cpu time            0.01 seconds
      

11043  data EMWS1.MdlComp3_EMEVENTREPORT;
11044  set EMWS1.MdlComp3_EMEVENTREPORT work.MdlComp3_TEMP;
11045  run;

NOTE: There were 2 observations read from the data set EMWS1.MDLCOMP3_EMEVENTREPORT.
NOTE: There were 2 observations read from the data set WORK.MDLCOMP3_TEMP.
NOTE: The data set EMWS1.MDLCOMP3_EMEVENTREPORT has 4 observations and 10 variables.
NOTE: DATA statement used (Total process time):
      real time           0.02 seconds
      cpu time            0.01 seconds
      

*------------------------------------------------------------* 
* "Compute assessment statistics" 
*------------------------------------------------------------* 
Executing  SASHELP.EMCORE.EMINFOITERATOR.SCL _INIT >> 
Executing  SASHELP.EMCORE.EMINFOITERATOR.SCL SETMETADATA >> 
Executing  SASHELP.EMCORE.EMINFOITERATOR.SCL next >> 
Executing  SASHELP.EMCORE.EMINFOITERATOR.SCL next >> 
Executing  SASHELP.EMCORE.EMINFOITERATOR.SCL SETMETADATA >> 
Executing  SASHELP.EMCORE.EMINFOITERATOR.SCL next >> 
Executing  SASHELP.EMCORE.EMINFOITERATOR.SCL next >> 
Executing  SASHELP.EMCORE.EMINFOITERATOR.SCL _term >> 


























Executing  SASHELP.EMCORE.EMINFOITERATOR.SCL _INIT >> 
Executing  SASHELP.EMCORE.EMINFOITERATOR.SCL SETMETADATA >> 
Executing  SASHELP.EMCORE.EMINFOITERATOR.SCL next >> 
Executing  SASHELP.EMCORE.EMINFOITERATOR.SCL next >> 
Executing  SASHELP.EMCORE.EMINFOITERATOR.SCL SETMETADATA >> 
Executing  SASHELP.EMCORE.EMINFOITERATOR.SCL next >> 
Executing  SASHELP.EMCORE.EMINFOITERATOR.SCL next >> 
Executing  SASHELP.EMCORE.EMINFOITERATOR.SCL _term >> 


























11326  proc sort data=EMWS1.MdlComp3_EMOUTFIT NOTHREADS;
11327  by model target;
11328  run;

NOTE: There were 2 observations read from the data set EMWS1.MDLCOMP3_EMOUTFIT.
NOTE: The data set EMWS1.MDLCOMP3_EMOUTFIT has 2 observations and 37 variables.
NOTE: PROCEDURE SORT used (Total process time):
      real time           0.02 seconds
      cpu time            0.01 seconds
      

11329  proc sort data=EMWS1.MdlComp3_EMINDEX NOTHREADS;
11330  by model target;
11331  run;

NOTE: There were 2 observations read from the data set EMWS1.MDLCOMP3_EMINDEX.
NOTE: The data set EMWS1.MDLCOMP3_EMINDEX has 2 observations and 17 variables.
NOTE: PROCEDURE SORT used (Total process time):
      real time           0.01 seconds
      cpu time            0.01 seconds
      

11332  data EMWS1.MdlComp3_EMOUTFIT;
11333  merge EMWS1.MdlComp3_EMOUTFIT EMWS1.MdlComp3_EMINDEX;
11334  label TARGET = "%sysfunc(sasmsg(sashelp.dmine, rpt_targetvar_vlabel,  NOQUOTE))";
11335  by model target;
11336  run;

NOTE: There were 2 observations read from the data set EMWS1.MDLCOMP3_EMOUTFIT.
NOTE: There were 2 observations read from the data set EMWS1.MDLCOMP3_EMINDEX.
NOTE: The data set EMWS1.MDLCOMP3_EMOUTFIT has 2 observations and 49 variables.
NOTE: DATA statement used (Total process time):
      real time           0.02 seconds
      cpu time            0.03 seconds
      

11337  proc sort data=EMWS1.MdlComp3_EMRANK(keep=DATAROLE DECILE MODEL GAIN LIFT LIFTC RESP
11337! RESPC CAP CAPC) out=_temp;
11338  by MODEL;
11339  where DECILE=10;
11340  run;

NOTE: There were 4 observations read from the data set EMWS1.MDLCOMP3_EMRANK.
      WHERE DECILE=10;
NOTE: The data set WORK._TEMP has 4 observations and 10 variables.
NOTE: PROCEDURE SORT used (Total process time):
      real time           0.04 seconds
      cpu time            0.00 seconds
      

11341  data _temp;
11342  retain _GAIN_ _VGAIN_ _LIFT_ _LIFTC_ _VLIFT_ _VLIFTC_ _RESP_ _RESPC_ _VRESP_ _VRESPC_
11342! _CAP_ _CAPC_ _VCAP_ _VCAPC_ .;
11343  label _GAIN_ = "%sysfunc(sasmsg(sashelp.dmine, rpt_traingain_vlabel, NOQUOTE))" _VGAIN_
11343! = "%sysfunc(sasmsg(sashelp.dmine, rpt_validgain_vlabel, NOQUOTE))" _LIFT_ =
11343! "%sysfunc(sasmsg(sashelp.dmine, rpt_trainlift_vlabel, NOQUOTE))" _VLIFT_ =
11344     "%sysfunc(sasmsg(sashelp.dmine, rpt_validlift_vlabel, NOQUOTE))" _RESP_ =
11344! "%sysfunc(sasmsg(sashelp.dmine, rpt_trainresp_vlabel, NOQUOTE))" _VRESP_ =
11344! "%sysfunc(sasmsg(sashelp.dmine, rpt_validresp_vlabel, NOQUOTE))" _CAP_ =
11345     "%sysfunc(sasmsg(sashelp.dmine, rpt_traincap_vlabel,  NOQUOTE))" _VCAP_ =
11345! "%sysfunc(sasmsg(sashelp.dmine, rpt_validcap_vlabel,  NOQUOTE))" _LIFTC_ =
11345! "%sysfunc(sasmsg(sashelp.dmine, rpt_trainliftc_vlabel, NOQUOTE))" _VLIFTC_ =
11346     "%sysfunc(sasmsg(sashelp.dmine, rpt_validliftc_vlabel, NOQUOTE))" _RESPC_ =
11346! "%sysfunc(sasmsg(sashelp.dmine, rpt_trainrespc_vlabel, NOQUOTE))" _VRESPC_ =
11346! "%sysfunc(sasmsg(sashelp.dmine, rpt_validrespc_vlabel, NOQUOTE))" _CAPC_ =
11347     "%sysfunc(sasmsg(sashelp.dmine, rpt_traincapc_vlabel,  NOQUOTE))" _VCAPC_ =
11347! "%sysfunc(sasmsg(sashelp.dmine, rpt_validcapc_vlabel,  NOQUOTE))" _TGAIN_ =
11347! "%sysfunc(sasmsg(sashelp.dmine, rpt_testgain_vlabel,  NOQUOTE))" _TLIFT_ =
11348     "%sysfunc(sasmsg(sashelp.dmine, rpt_testlift_vlabel,   NOQUOTE))" _TRESP_ =
11348! "%sysfunc(sasmsg(sashelp.dmine, rpt_testresp_vlabel,  NOQUOTE))" _TCAP_ =
11348! "%sysfunc(sasmsg(sashelp.dmine, rpt_testcap_vlabel,   NOQUOTE))" _TLIFTC_ =
11349     "%sysfunc(sasmsg(sashelp.dmine, rpt_testliftc_vlabel,   NOQUOTE))" _TRESPC_ =
11349! "%sysfunc(sasmsg(sashelp.dmine, rpt_testrespc_vlabel,  NOQUOTE))" _TCAPC_ =
11349! "%sysfunc(sasmsg(sashelp.dmine, rpt_testcapc_vlabel,   NOQUOTE))";
11350  set _temp;
11351  by MODEL;
11352  if first.MODEL then do;
11353  _GAIN_=.;
11354  _VGAIN_=.;
11355  _TGAIN_=.;
11356  _LIFT_=.;
11357  _VLIFT_=.;
11358  _TLIFT_=.;
11359  _LIFTC_=.;
11360  _VLIFTC_=.;
11361  _TLIFTC_=.;
11362  _RESP_=.;
11363  _VRESP_=.;
11364  _TRESP_=.;
11365  _RESPC_=.;
11366  _VRESPC_=.;
11367  _TRESPC_=.;
11368  _CAP_=.;
11369  _VCAP_=.;
11370  _TCAP_=.;
11371  _CAPC_=.;
11372  _VCAPC_=.;
11373  _VCAPC_=.;
11374  end;
11375  select(DATAROLE);
11376  when('TRAIN') do;
11377  _GAIN_=GAIN;
11378  _LIFT_=LIFT;
11379  _LIFTC_=LIFTC;
11380  _RESP_=RESP;
11381  _RESPC_=RESPC;
11382  _CAP_=CAP;
11383  _CAPC_=CAPC;
11384  end;
11385  when('VALIDATE') do;
11386  _VGAIN_=GAIN;
11387  _VLIFT_=LIFT;
11388  _VLIFTC_=LIFTC;
11389  _VRESP_=RESP;
11390  _VRESPC_=RESPC;
11391  _VCAP_=CAP;
11392  _VCAPC_=CAPC;
11393  end;
11394  when('TEST') do;
11395  _TGAIN_=GAIN;
11396  _TLIFT_=LIFT;
11397  _TLIFTC_=LIFTC;
11398  _TRESP_=RESP;
11399  _TRESPC_=RESPC;
11400  _TCAP_=CAP;
11401  _TCAPC_=CAPC;
11402  end;
11403  otherwise;
11404  end;
11405  keep MODEL _GAIN_ _LIFT_ _LIFTC_ _RESP_ _RESPC_ _CAP_ _CAPC_
11406  _VGAIN_ _VLIFT_ _VLIFTC_ _VRESP_ _VRESPC_ _VCAP_ _VCAPC_
11407  ;
11408  if last.model then output;
11409  run;

NOTE: There were 4 observations read from the data set WORK._TEMP.
NOTE: The data set WORK._TEMP has 2 observations and 15 variables.
NOTE: DATA statement used (Total process time):
      real time           0.05 seconds
      cpu time            0.03 seconds
      

11410  proc sort data=EMWS1.MdlComp3_EMOUTFIT;
11411  by MODEL;
11412  run;

NOTE: There were 2 observations read from the data set EMWS1.MDLCOMP3_EMOUTFIT.
NOTE: The data set EMWS1.MDLCOMP3_EMOUTFIT has 2 observations and 49 variables.
NOTE: PROCEDURE SORT used (Total process time):
      real time           0.01 seconds
      cpu time            0.01 seconds
      

11413  data EMWS1.MdlComp3_EMOUTFIT;
11414  merge EMWS1.MdlComp3_EMOUTFIT _temp;
11415  by MODEL;
11416  run;

NOTE: There were 2 observations read from the data set EMWS1.MDLCOMP3_EMOUTFIT.
NOTE: There were 2 observations read from the data set WORK._TEMP.
NOTE: The data set EMWS1.MDLCOMP3_EMOUTFIT has 2 observations and 63 variables.
NOTE: DATA statement used (Total process time):
      real time           0.02 seconds
      cpu time            0.01 seconds
      

11417  data EMWS1.MdlComp3_EMOUTFIT;
11418  length PARENT $16 MODEL $16 MODELDESCRIPTION $81 TARGET $32 TARGETLABEL $200 _CRITERION_
11418!  8;
11419  set EMWS1.MdlComp3_EMOUTFIT;
11420  label _CRITERION_ = "%sysfunc(sasmsg(sashelp.dmine, rpt_selectioncriterion_vlabel ,
11420! NOQUOTE, %nrbquote(Valid: Misclassification Rate)))";
11421  _CRITERION_ = _VMISC_;
11422  run;

NOTE: There were 2 observations read from the data set EMWS1.MDLCOMP3_EMOUTFIT.
NOTE: The data set EMWS1.MDLCOMP3_EMOUTFIT has 2 observations and 64 variables.
NOTE: DATA statement used (Total process time):
      real time           0.02 seconds
      cpu time            0.03 seconds
      

11423  data EMWS1.MdlComp3_EMOUTFIT;
11424  length USE $1;
11425  label USE= "%sysfunc(sasmsg(sashelp.dmine, rpt_selmodel_vlabel,  NOQUOTE))";
11426  set EMWS1.MdlComp3_EMOUTFIT;
11427  run;

NOTE: Variable USE is uninitialized.
NOTE: There were 2 observations read from the data set EMWS1.MDLCOMP3_EMOUTFIT.
NOTE: The data set EMWS1.MDLCOMP3_EMOUTFIT has 2 observations and 65 variables.
NOTE: DATA statement used (Total process time):
      real time           0.02 seconds
      cpu time            0.00 seconds
      

11428  proc sort data = EMWS1.MdlComp3_EMOUTFIT NOTHREADS;
11429  by
11430  _VMISC_
11431  _VASE_ _ASE_ _MISC_;
11432  run;

NOTE: There were 2 observations read from the data set EMWS1.MDLCOMP3_EMOUTFIT.
NOTE: The data set EMWS1.MDLCOMP3_EMOUTFIT has 2 observations and 65 variables.
NOTE: PROCEDURE SORT used (Total process time):
      real time           0.02 seconds
      cpu time            0.01 seconds
      

11433  %let EM_AUTOMODEL = %str();
11434  data EMWS1.MdlComp3_EMOUTFIT;
11435  set EMWS1.MdlComp3_EMOUTFIT;
11436  drop found;
11437  retain found 0;
11438  if found = 0 and _VMISC_ ne . then do;
11439  use = 'Y';
11440  found = 1;
11441  call symput('EM_AUTOMODEL', model);
11442  end;
11443  run;

NOTE: There were 2 observations read from the data set EMWS1.MDLCOMP3_EMOUTFIT.
NOTE: The data set EMWS1.MDLCOMP3_EMOUTFIT has 2 observations and 65 variables.
NOTE: DATA statement used (Total process time):
      real time           0.02 seconds
      cpu time            0.03 seconds
      

11444  title ' ';
11445  proc print data=EMWS1.MdlComp3_EMOUTFIT noobs label;
11446  var
11447  USE
11448  MODEL
11449  MODELDESCRIPTION
11450  _VMISC_
11451  _ASE_
11452  _MISC_
11453  _VASE_
11454  ;
11455  title9 "%sysfunc(sasmsg(sashelp.dmine, rpt_fitstat_title,        NOQUOTE))";
11456  title10 "Model Selection based on Valid: Misclassification Rate (_VMISC_)";
11457  run;

NOTE: There were 2 observations read from the data set EMWS1.MDLCOMP3_EMOUTFIT.
NOTE: The PROCEDURE PRINT printed page 2.
NOTE: PROCEDURE PRINT used (Total process time):
      real time           0.00 seconds
      cpu time            0.00 seconds
      

11458  title9;
11459  title10;
11460  proc transpose data=EMWS1.MdlComp3_EMOUTFIT out= work.modelstats(rename=(_LABEL_=Label
11460! _NAME_=STAT));
11461  ID model;
11462  by target targetLabel;
11463  run;

NOTE: There were 2 observations read from the data set EMWS1.MDLCOMP3_EMOUTFIT.
NOTE: The data set WORK.MODELSTATS has 59 observations and 6 variables.
NOTE: PROCEDURE TRANSPOSE used (Total process time):
      real time           0.03 seconds
      cpu time            0.01 seconds
      

11464  data work.modelstats;
11465  set work.modelstats;
11466  if substr(STAT, 1, 2) = '_V' or STAT='VKS' then do;
11467  NumRole=2;
11468  end;
11469  else if substr(STAT, 1, 2) = '_T' or STAT='TKS' then do;
11470  NumRole=3;
11471  end;
11472  else if substr(STAT, 1, 1) = '_' or STAT in('KS', 'BINNED_KS_PROB_CUTOFF') then do;
11473  NumRole=1;
11474  end;
11475  run;

NOTE: There were 59 observations read from the data set WORK.MODELSTATS.
NOTE: The data set WORK.MODELSTATS has 59 observations and 7 variables.
NOTE: DATA statement used (Total process time):
      real time           0.01 seconds
      cpu time            0.01 seconds
      

11476  proc sort data=work.modelstats out=work.modelstats;
11477  by NumRole STAT;
11478  run;

NOTE: There were 59 observations read from the data set WORK.MODELSTATS.
NOTE: The data set WORK.MODELSTATS has 59 observations and 7 variables.
NOTE: PROCEDURE SORT used (Total process time):
      real time           0.02 seconds
      cpu time            0.01 seconds
      

11479  proc format;
11480  value RoleFmt 1='Train' 2='Valid' 3='Test';
NOTE: Format ROLEFMT has been output.
11481  run;

NOTE: PROCEDURE FORMAT used (Total process time):
      real time           0.01 seconds
      cpu time            0.00 seconds
      

11482  proc print data= work.modelstats(drop=STAT target targetLabel) noobs label;
11483  label Label = "%sysfunc(sasmsg(sashelp.dmine, rpt_statistics_vlabel, NOQUOTE))" NumRole=
11483!  "%sysfunc(sasmsg(sashelp.dmine, rpt_datarole_vlabel,   NOQUOTE))";
11484  title9 "%sysfunc(sasmsg(sashelp.dmine, rpt_fittable_title, NOQUOTE))";
11485  title10 "%sysfunc(sasmsg(sashelp.dmine, rpt_target_title,   NOQUOTE,
11485! audience_score_positive))";
11486  by NumRole;
11487  format NumRole RoleFmt.;
11488  run;

NOTE: There were 59 observations read from the data set WORK.MODELSTATS.
NOTE: The PROCEDURE PRINT printed page 3.
NOTE: PROCEDURE PRINT used (Total process time):
      real time           0.00 seconds
      cpu time            0.01 seconds
      

11489  title9;
11490  title10;
11491  data EMWS1.MdlComp3_COMPAREFIT;
11492  length DataRole Target $32 targetlabel $200;
11493  label DataRole = "%sysfunc(sasmsg(sashelp.dmine, rpt_datarole_vlabel,  NOQUOTE))" STAT =
11493!  "%sysfunc(sasmsg(sashelp.dmine, rpt_fitstat_vlabel,   NOQUOTE))" LABEL =
11493! "%sysfunc(sasmsg(sashelp.dmine, rpt_statlabel_vlabel, NOQUOTE))";
11494  set work.modelstats;
11495  DataRole = strip(put(NumRole, Rolefmt.));
11496  drop NumRole;
11497  run;

NOTE: There were 59 observations read from the data set WORK.MODELSTATS.
NOTE: The data set EMWS1.MDLCOMP3_COMPAREFIT has 59 observations and 7 variables.
NOTE: DATA statement used (Total process time):
      real time           0.02 seconds
      cpu time            0.01 seconds
      

11498  %macro ReportFit;
11499  proc transpose data= EMWS1.MdlComp3_EMOUTFIT(obs=1) out=tempFit;
11500  run;
11501  data _null_;
11502  set tempfit end=eof;
11503  retain statCount 0;
11504  if substr(_NAME_,1,2) ^in('_V', '_T', 'TK', 'VK') then do;
11505  statCount + 1;
11506  call symput('statName'!!strip(put(statCount,best.)), _NAME_);
11507  call symput('statLabel'!!strip(put(statCount,best.)), scan(_LABEL_,2, ':'));
11508  end;
11509  if eof then do;
11510  call symput('statCount', strip(put(statCount,best.)));
11511  end;
11512  run;
11513  data EMWS1.MdlComp3_EMREPORTFIT;
11514  set EMWS1.MdlComp3_EMOUTFIT;
11515  length FitStat $41 Label $40;
11516  label FitStat = "%sysfunc(sasmsg(sashelp.dmine, rpt_fitstat_vlabel,   NOQUOTE))" LABEL =
11516!  "%sysfunc(sasmsg(sashelp.dmine, rpt_statlabel_vlabel, NOQUOTE))";
11517  %do i=1 %to &statCount;
11518  FitStat="&&StatName&i";
11519  Label="&&StatLabel&i";
11520  Train =&&StatName&i;
11521  %if &&StatName&i= KS %then %do;
11522  Validate = VKS;
11523  Test = TKS;
11524  %end;
11525  %else %if &&StatName&i= BINNED_KS_PROB_CUTOFF %then %do;
11526  Validate = _VBINNED_KS_PROB_CUTOFF_;
11527  Test = _TBINNED_KS_PROB_CUTOFF_;
11528  %end;
11529  %else %do;
11530  %let VstatName= _V%substr(&&StatName&i,2);
11531  %let TstatName= _T%substr(&&StatName&i,2);
11532  Validate=&VStatName;
11533  Test=&TStatName;
11534  %end;
11535  output;
11536  %end;
11537  keep Parent Model Target TargetLabel FitStat Label Train Validate Test;
11538  run;
11539  %mend;
11540  %reportFit;

NOTE: There were 1 observations read from the data set EMWS1.MDLCOMP3_EMOUTFIT.
NOTE: The data set WORK.TEMPFIT has 59 observations and 3 variables.
NOTE: PROCEDURE TRANSPOSE used (Total process time):
      real time           0.03 seconds
      cpu time            0.01 seconds
      


NOTE: There were 59 observations read from the data set WORK.TEMPFIT.
NOTE: DATA statement used (Total process time):
      real time           0.00 seconds
      cpu time            0.00 seconds
      


NOTE: Variable _VCRITERION_ is uninitialized.
NOTE: Variable _TCRITERION_ is uninitialized.
NOTE: Variable _TNOBS_ is uninitialized.
NOTE: Variable _TMISC_ is uninitialized.
NOTE: Variable _TMAX_ is uninitialized.
NOTE: Variable _TSSE_ is uninitialized.
NOTE: Variable _TASE_ is uninitialized.
NOTE: Variable _TRASE_ is uninitialized.
NOTE: Variable _TDIV_ is uninitialized.
NOTE: Variable _VDFT_ is uninitialized.
NOTE: Variable _TDFT_ is uninitialized.
NOTE: Variable _VAIC_ is uninitialized.
NOTE: Variable _TAIC_ is uninitialized.
NOTE: Variable _TAVERR_ is uninitialized.
NOTE: Variable _VDFE_ is uninitialized.
NOTE: Variable _TDFE_ is uninitialized.
NOTE: Variable _VDFM_ is uninitialized.
NOTE: Variable _TDFM_ is uninitialized.
NOTE: Variable _TERR_ is uninitialized.
NOTE: Variable _VFPE_ is uninitialized.
NOTE: Variable _TFPE_ is uninitialized.
NOTE: Variable _TMSE_ is uninitialized.
NOTE: Variable _VNW_ is uninitialized.
NOTE: Variable _TNW_ is uninitialized.
NOTE: Variable _VRFPE_ is uninitialized.
NOTE: Variable _TRFPE_ is uninitialized.
NOTE: Variable _TRMSE_ is uninitialized.
NOTE: Variable _VSBC_ is uninitialized.
NOTE: Variable _TSBC_ is uninitialized.
NOTE: Variable _TSUMW_ is uninitialized.
NOTE: Variable _TAUR_ is uninitialized.
NOTE: Variable _TGINI_ is uninitialized.
NOTE: Variable TKS is uninitialized.
NOTE: Variable _VKS_PROB_CUTOFF is uninitialized.
NOTE: Variable _TKS_PROB_CUTOFF is uninitialized.
NOTE: Variable _TKS_BIN_ is uninitialized.
NOTE: Variable _TBINNED_KS_PROB_CUTOFF_ is uninitialized.
NOTE: Variable _TGAIN_ is uninitialized.
NOTE: Variable _TLIFT_ is uninitialized.
NOTE: Variable _TLIFTC_ is uninitialized.
NOTE: Variable _TRESP_ is uninitialized.
NOTE: Variable _TRESPC_ is uninitialized.
NOTE: Variable _TCAP_ is uninitialized.
NOTE: Variable _TCAPC_ is uninitialized.
NOTE: There were 2 observations read from the data set EMWS1.MDLCOMP3_EMOUTFIT.
NOTE: The data set EMWS1.MDLCOMP3_EMREPORTFIT has 68 observations and 9 variables.
NOTE: DATA statement used (Total process time):
      real time           0.04 seconds
      cpu time            0.03 seconds
      


11541  proc print data=EMWS1.MdlComp3_EMEVENTREPORT(drop=PARENT) noobs label;
11542  title9 "%sysfunc(sasmsg(sashelp.dmine, rpt_eventtable_title ,    NOQUOTE))";
11543  title10 "Model Selection based on Valid: Misclassification Rate (_VMISC_)";
11544  run;

NOTE: There were 4 observations read from the data set EMWS1.MDLCOMP3_EMEVENTREPORT.
NOTE: The PROCEDURE PRINT printed page 4.
NOTE: PROCEDURE PRINT used (Total process time):
      real time           0.00 seconds
      cpu time            0.00 seconds
      

11545  title9;
11546  title10;

11547  proc datasets library=EMWS1 nolist;
11548  modify MdlComp3_EMRANK;
11549  label PARENT = "%sysfunc(sasmsg(sashelp.dmine, rpt_parent_vlabel  ,  NOQUOTE))" MODEL =
11549! "%sysfunc(sasmsg(sashelp.dmine, rpt_modelnode_vlabel, NOQUOTE))" DATAROLE =
11549! "%sysfunc(sasmsg(sashelp.dmine, rpt_datarole_vlabel,  NOQUOTE))" TARGET =
11550     "%sysfunc(sasmsg(sashelp.dmine, rpt_targetvar_vlabel, NOQUOTE))" TARGETLABEL =
11550! "%sysfunc(sasmsg(sashelp.dmine, meta_targetlabel_vlabel, NOQUOTE))";
11551  run;

NOTE: MODIFY was successful for EMWS1.MDLCOMP3_EMRANK.DATA.

NOTE: PROCEDURE DATASETS used (Total process time):
      real time           0.08 seconds
      cpu time            0.04 seconds
      

11552  proc sort data=EMWS1.MdlComp3_EMRANK NOTHREADS;
11553  by descending model target;
11554  run;

NOTE: There were 80 observations read from the data set EMWS1.MDLCOMP3_EMRANK.
NOTE: The data set EMWS1.MDLCOMP3_EMRANK has 80 observations and 38 variables.
NOTE: PROCEDURE SORT used (Total process time):
      real time           0.01 seconds
      cpu time            0.00 seconds
      

11555  proc datasets library=EMWS1 nolist;
11556  modify MdlComp3_EMSCOREDIST;
11557  label PARENT = "%sysfunc(sasmsg(sashelp.dmine, rpt_parent_vlabel  ,  NOQUOTE))" MODEL =
11557! "%sysfunc(sasmsg(sashelp.dmine, rpt_modelnode_vlabel, NOQUOTE))" DATAROLE =
11557! "%sysfunc(sasmsg(sashelp.dmine, rpt_datarole_vlabel,  NOQUOTE))" TARGET =
11558     "%sysfunc(sasmsg(sashelp.dmine, rpt_targetvar_vlabel, NOQUOTE))" TARGETLABEL =
11558! "%sysfunc(sasmsg(sashelp.dmine, meta_targetlabel_vlabel, NOQUOTE))";
11559  run;

NOTE: MODIFY was successful for EMWS1.MDLCOMP3_EMSCOREDIST.DATA.

NOTE: PROCEDURE DATASETS used (Total process time):
      real time           0.06 seconds
      cpu time            0.04 seconds
      

11560  proc sort data=EMWS1.MdlComp3_EMSCOREDIST NOTHREADS;
11561  by descending model target;
11562  run;

NOTE: There were 52 observations read from the data set EMWS1.MDLCOMP3_EMSCOREDIST.
NOTE: The data set EMWS1.MDLCOMP3_EMSCOREDIST has 52 observations and 24 variables.
NOTE: PROCEDURE SORT used (Total process time):
      real time           0.01 seconds
      cpu time            0.00 seconds
      

11563  proc sort data=EMWS1.MdlComp3_EMROC NOTHREADS;
11564  by descending model target;
11565  run;

NOTE: There were 363 observations read from the data set EMWS1.MDLCOMP3_EMROC.
NOTE: The data set EMWS1.MDLCOMP3_EMROC has 363 observations and 18 variables.
NOTE: PROCEDURE SORT used (Total process time):
      real time           0.01 seconds
      cpu time            0.00 seconds
      

