 
                                                                                                                                                                                                                                                                
 
 
Variable Summary

            Measurement    Frequency
Role           Level         Count

ID           INTERVAL           1   
ID           NOMINAL            1   
INPUT        BINARY            25   
INPUT        INTERVAL          13   
REJECTED     BINARY             1   
REJECTED     INTERVAL           3   
 
                                                                                                                                                                                                                                                                
 
The CLUSTER Procedure
Ward's Minimum Variance Cluster Analysis

            Eigenvalues of the Covariance Matrix
 
        Eigenvalue    Difference    Proportion    Cumulative

   1    2.96441E16    2.94795E16        0.9939        0.9939
   2    1.64629E14    1.45888E14        0.0055        0.9994
   3    1.87407E13    1.87403E13        0.0006        1.0000
   4     426592192     131912220        0.0000        1.0000
   5     294679972     294677108        0.0000        1.0000
   6    2863.61411    2783.99298        0.0000        1.0000
   7    79.6211316    71.7973026        0.0000        1.0000
   8    7.82382904    5.70404985        0.0000        1.0000
   9    2.11977919    1.66928564        0.0000        1.0000
  10    0.45049355    0.09769012        0.0000        1.0000
  11    0.35280342    0.10504142        0.0000        1.0000
  12      0.247762    0.04891277        0.0000        1.0000
  13    0.19884923    0.05086629        0.0000        1.0000
  14    0.14798294    0.03426484        0.0000        1.0000
  15     0.1137181    0.04300302        0.0000        1.0000
  16    0.07071508    0.01767539        0.0000        1.0000
  17    0.05303969    0.00861978        0.0000        1.0000
  18    0.04441991    0.01137929        0.0000        1.0000
  19    0.03304063     0.0095226        0.0000        1.0000
  20    0.02351803    0.00494337        0.0000        1.0000
  21    0.01857466    0.00285034        0.0000        1.0000
  22    0.01572432    0.00189416        0.0000        1.0000
  23    0.01383016    0.00132336        0.0000        1.0000
  24    0.01250679    0.00435552        0.0000        1.0000
  25    0.00815127    0.00113149        0.0000        1.0000
  26    0.00701979    0.00141769        0.0000        1.0000
  27     0.0056021    0.00187534        0.0000        1.0000
  28    0.00372675    0.00116761        0.0000        1.0000
  29    0.00255914    0.00036514        0.0000        1.0000
  30      0.002194     0.0010851        0.0000        1.0000
  31     0.0011089    0.00009297        0.0000        1.0000
  32    0.00101593    0.00030668        0.0000        1.0000
  33    0.00070925    0.00063557        0.0000        1.0000
  34    0.00007368    0.00005897        0.0000        1.0000
  35    0.00001471    0.00001237        0.0000        1.0000
  36    2.34519E-6    1.19751E-6        0.0000        1.0000
  37    1.14768E-6    1.13161E-6        0.0000        1.0000
  38    1.60763E-8    1.60671E-8        0.0000        1.0000
  39    9.1703E-12    9.1676E-12        0.0000        1.0000
  40     2.752E-15    9.7332E-16        0.0000        1.0000
  41    1.7786E-15    3.1131E-16        0.0000        1.0000
  42    1.4673E-15    6.0418E-16        0.0000        1.0000
  43    8.6315E-16    4.4016E-16        0.0000        1.0000
  44    4.2299E-16    1.9291E-16        0.0000        1.0000
  45    2.3008E-16    8.7307E-17        0.0000        1.0000
  46    1.4277E-16    1.0243E-16        0.0000        1.0000
  47    4.0335E-17    1.8377E-17        0.0000        1.0000
  48    2.1959E-17    1.3039E-17        0.0000        1.0000
  49    8.9197E-18    7.9159E-18        0.0000        1.0000
  50    1.0038E-18    1.4816E-17        0.0000        1.0000
  51    -1.381E-17    5.4176E-18       -0.0000        1.0000
  52    -1.923E-17    3.6539E-17       -0.0000        1.0000
  53    -5.577E-17    5.9289E-17       -0.0000        1.0000
  54    -1.151E-16    1.7956E-16       -0.0000        1.0000
  55    -2.946E-16    1.7182E-16       -0.0000        1.0000
  56    -4.664E-16    3.6786E-17       -0.0000        1.0000
  57    -5.032E-16    4.2021E-16       -0.0000        1.0000
  58    -9.234E-16    7.2181E-16       -0.0000        1.0000
  59    -1.645E-15    2.3109E-14       -0.0000        1.0000
  60    -2.475E-14     0.1204893       -0.0000        1.0000
  61    -0.1204893                     -0.0000        1.0000

Root-Mean-Square Total-Sample Standard Deviation    22112770

Root-Mean-Square Distance Between Observations    2.4424E8


                                                 Cluster History
  Number
      of                                                 Semipartial                 Pseudo F       Pseudo
Clusters    ------Clusters Joined-------         Freq       R-Square    R-Square    Statistic    t-Squared    Tie

      49    OB15            OB30                    2         0.0000        1.00           .            .        
      48    OB12            OB50                    2         0.0000        1.00         79E9           .        
      47    OB23            OB45                   15         0.0000        1.00         16E9           .        
      46    CL49            OB25                   45         0.0000        1.00         49E8           .        
      45    OB3             OB49                   43         0.0000        1.00         24E8           .        
      44    CL46            CL47                   60         0.0000        1.00         14E8         93.3       
      43    OB21            OB42                   15         0.0000        1.00         94E7           .        
      42    CL45            OB11                   44         0.0000        1.00         43E7          264       
      41    OB13            OB20                  398         0.0000        1.00         16E7           .        
      40    CL44            CL43                   75         0.0000        1.00         72E6          745       
      39    OB2             CL42                  335         0.0000        1.00         35E6         3544       
      38    OB4             OB29                   61         0.0000        1.00         22E6           .        
      37    OB36            OB43                  177         0.0000        1.00         17E6           .        
      36    OB34            OB46                  320         0.0000        1.00         12E6           .        
      35    OB18            OB24                   20         0.0000        1.00         88E5           .        
      34    CL41            OB41                  409         0.0000        1.00         68E5         4651       
      33    CL34            CL36                  729         0.0000        1.00          5E6          652       
      32    OB10            OB19                  255         0.0000        1.00         38E5           .        
      31    OB6             OB48                   28         0.0000        1.00         25E5           .        
      30    OB5             OB22                   31         0.0000        1.00         17E5           .        
      29    CL39            CL40                  410         0.0000        1.00         14E5         3975       
      28    CL33            OB26                  898         0.0000        1.00         11E5         1702       
      27    CL38            CL32                  316         0.0000        1.00         88E4         1282       
      26    OB39            OB40                  234         0.0000        1.00         69E4           .        
      25    CL31            CL35                   48         0.0000        1.00         54E4          147       
      24    OB27            OB35                   42         0.0001        1.00         44E4           .        
      23    OB1             OB8                    12         0.0001        1.00         37E4           .        
      22    OB14            OB31                   14         0.0001        1.00         31E4           .        
      21    CL29            CL28                 1308         0.0001        1.00         28E4         2117       
      20    CL23            OB28                   14         0.0001        .999         23E4         20.3       
      19    CL27            OB38                  470         0.0001        .999          2E5         1900       
      18    OB17            OB47                    4         0.0002        .999         17E4           .        
      17    CL22            OB16                   19         0.0002        .999         14E4         54.6       
      16    CL21            CL26                 1542         0.0003        .999         12E4         2698       
      15    OB7             OB37                   13         0.0003        .998         11E4           .        
      14    CL19            CL37                  647         0.0004        .998         95E3         1437       
      13    CL14            CL24                  689         0.0008        .997         73E3          963       
      12    CL30            OB33                   89         0.0010        .996         58E3         5804       
      11    OB9             CL18                   20         0.0014        .995         46E3          165       
      10    CL20            CL15                   27         0.0022        .993         36E3          121       
       9    CL10            OB44                   28         0.0028        .990         29E3         27.4       
       8    CL9             CL48                   30         0.0046        .985         23E3         23.6       
       7    CL16            CL13                 2231         0.0054        .980          2E4         6684       
       6    CL11            CL17                   39         0.0058        .974         18E3          115       
       5    CL7             CL25                 2279         0.0088        .965         17E3         2743       
       4    CL8             OB32                   31         0.0239        .941         13E3         68.6       
       3    CL12            CL6                   128         0.0420        .899         11E3          607       
       2    CL4             CL3                   159         0.2446        .655         4616          453       
       1    CL2             CL5                  2438         0.6546        .000           .          4616       
 
                                                                                                                                                                                                                                                                
 
Candidates for Optimum Number of Clusters

        Number     Clustering
          of          Cubic
Obs    Clusters     Criterion

 1         3         5.78678 
 2         5         9.99263 
